<?xml version="1.0"?>
<testsuite name="HeadlessChrome 78.0.3882 (Mac OS X 10.14.6)" package="" timestamp="2019-10-14T03:27:36" id="0" hostname="CHIC02VJ8H8HTD6" tests="44" errors="0" failures="36" time="1.117">
  <properties>
    <property name="browser.fullName" value="Mozilla/5.0 (Macintosh; Intel Mac OS X 10_14_6) AppleWebKit/537.36 (KHTML, like Gecko) HeadlessChrome/78.0.3882.0 Safari/537.36"/>
  </properties>
  <testcase name="LiveStreamingComponent should create" time="0.169" classname="LiveStreamingComponent">
    <failure type="">1. If 'app-sidebar' is an Angular component, then verify that it is part of this module.
2. If 'app-sidebar' is a Web Component then add 'CUSTOM_ELEMENTS_SCHEMA' to the '@NgModule.schemas' of this component to suppress this message. ("ontainer class="example-container" autosize&gt;
  &lt;mat-drawer position="start" mode="side" opened&gt;
    [ERROR -&gt;]&lt;app-sidebar&gt;&lt;/app-sidebar&gt;
  &lt;/mat-drawer&gt;
  &lt;mat-drawer-content style='padding: 20px 10px'&gt;
1. If 'mat-drawer' is an Angular component, then verify that it is part of this module.
2. If 'mat-drawer' is a Web Component then add 'CUSTOM_ELEMENTS_SCHEMA' to the '@NgModule.schemas' of this component to suppress this message. ("&lt;mat-drawer-container class="example-container" autosize&gt;
  [ERROR -&gt;]&lt;mat-drawer position="start" mode="side" opened&gt;
error properties: Object({ ngSyntaxError: true, ngParseErrors: [ 'app-sidebar' is not a known element:
"): ng:///DynamicTestModule/LiveStreamingComponent.html@2:4, 'mat-drawer' is not a known element:
    &lt;app-sidebar&gt;&lt;/app ...
    at &lt;Jasmine&gt;
    at syntaxError (node_modules/@angular/compiler/fesm5/compiler.js:2420:1)
    at TemplateParser.push../node_modules/@angular/compiler/fesm5/compiler.js.TemplateParser.parse (node_modules/@angular/compiler/fesm5/compiler.js:12208:1)
    at JitCompiler.push../node_modules/@angular/compiler/fesm5/compiler.js.JitCompiler._parseTemplate (node_modules/@angular/compiler/fesm5/compiler.js:27518:1)
    at JitCompiler.push../node_modules/@angular/compiler/fesm5/compiler.js.JitCompiler._compileTemplate (node_modules/@angular/compiler/fesm5/compiler.js:27505:1)
    at node_modules/@angular/compiler/fesm5/compiler.js:27448:48
    at &lt;Jasmine&gt;
    at JitCompiler.push../node_modules/@angular/compiler/fesm5/compiler.js.JitCompiler._compileComponents (node_modules/@angular/compiler/fesm5/compiler.js:27448:1)
    at node_modules/@angular/compiler/fesm5/compiler.js:27366:1
    at Object.then (node_modules/@angular/compiler/fesm5/compiler.js:2411:33)
    at JitCompiler.push../node_modules/@angular/compiler/fesm5/compiler.js.JitCompiler._compileModuleAndAllComponents (node_modules/@angular/compiler/fesm5/compiler.js:27364:1)
</failure>
    <failure type="">1. If 'app-sidebar' is an Angular component, then verify that it is part of this module.
2. If 'app-sidebar' is a Web Component then add 'CUSTOM_ELEMENTS_SCHEMA' to the '@NgModule.schemas' of this component to suppress this message. ("ontainer class="example-container" autosize&gt;
  &lt;mat-drawer position="start" mode="side" opened&gt;
    [ERROR -&gt;]&lt;app-sidebar&gt;&lt;/app-sidebar&gt;
  &lt;/mat-drawer&gt;
  &lt;mat-drawer-content style='padding: 20px 10px'&gt;
1. If 'mat-drawer' is an Angular component, then verify that it is part of this module.
2. If 'mat-drawer' is a Web Component then add 'CUSTOM_ELEMENTS_SCHEMA' to the '@NgModule.schemas' of this component to suppress this message. ("&lt;mat-drawer-container class="example-container" autosize&gt;
  [ERROR -&gt;]&lt;mat-drawer position="start" mode="side" opened&gt;
error properties: Object({ ngSyntaxError: true, ngParseErrors: [ 'app-sidebar' is not a known element:
"): ng:///DynamicTestModule/LiveStreamingComponent.html@2:4, 'mat-drawer' is not a known element:
    &lt;app-sidebar&gt;&lt;/app ...
    at &lt;Jasmine&gt;
    at syntaxError (node_modules/@angular/compiler/fesm5/compiler.js:2420:1)
    at TemplateParser.push../node_modules/@angular/compiler/fesm5/compiler.js.TemplateParser.parse (node_modules/@angular/compiler/fesm5/compiler.js:12208:1)
    at JitCompiler.push../node_modules/@angular/compiler/fesm5/compiler.js.JitCompiler._parseTemplate (node_modules/@angular/compiler/fesm5/compiler.js:27518:1)
    at JitCompiler.push../node_modules/@angular/compiler/fesm5/compiler.js.JitCompiler._compileTemplate (node_modules/@angular/compiler/fesm5/compiler.js:27505:1)
    at node_modules/@angular/compiler/fesm5/compiler.js:27448:48
    at &lt;Jasmine&gt;
    at JitCompiler.push../node_modules/@angular/compiler/fesm5/compiler.js.JitCompiler._compileComponents (node_modules/@angular/compiler/fesm5/compiler.js:27448:1)
    at node_modules/@angular/compiler/fesm5/compiler.js:27366:1
    at Object.then (node_modules/@angular/compiler/fesm5/compiler.js:2411:33)
    at JitCompiler.push../node_modules/@angular/compiler/fesm5/compiler.js.JitCompiler._compileModuleAndAllComponents (node_modules/@angular/compiler/fesm5/compiler.js:27364:1)
</failure>
    <failure type="">Error: Expected undefined to be truthy.
    at &lt;Jasmine&gt;
    at UserContext.&lt;anonymous&gt; (src/app/admin/live-streaming/live-streaming.component.spec.ts:23:23)
    at ZoneDelegate../node_modules/zone.js/dist/zone.js.ZoneDelegate.invoke (node_modules/zone.js/dist/zone.js:391:1)
    at ProxyZoneSpec.push../node_modules/zone.js/dist/zone-testing.js.ProxyZoneSpec.onInvoke (node_modules/zone.js/dist/zone-testing.js:308:1)
</failure>
  </testcase>
  <testcase name="AddParagraphComponent should create" time="0.015" classname="AddParagraphComponent">
    <failure type="">  &lt;h3 class="text-center"&gt;Add Paragraph&lt;/h3&gt;
  &lt;mat-form-field style="width: 100%"&gt;
    &lt;textarea [ERROR -&gt;][(ngModel)]="content" matInput&gt;&lt;/textarea&gt;
  &lt;/mat-form-field&gt;
1. If 'mat-form-field' is an Angular component, then verify that it is part of this module.
2. If 'mat-form-field' is a Web Component then add 'CUSTOM_ELEMENTS_SCHEMA' to the '@NgModule.schemas' of this component to suppress this message. ("&lt;div&gt;
  &lt;h3 class="text-center"&gt;Add Paragraph&lt;/h3&gt;
  [ERROR -&gt;]&lt;mat-form-field style="width: 100%"&gt;
    &lt;textarea [(ngModel)]="content" matInput&gt;&lt;/textarea&gt;
Can't bind to 'ngModel' since it isn't a known property of 'textarea'. ("
  &lt;h3 class="text-center"&gt;Add Paragraph&lt;/h3&gt;
  &lt;mat-form-field style="width: 100%"&gt;
    &lt;textarea [ERROR -&gt;][(ngModel)]="content" matInput&gt;&lt;/textarea&gt;
  &lt;/mat-form-field&gt;
  &lt;button style="width: 100%" mat-butt"): ng:///DynamicTestModule/AddParagraphComponent.html@3:14
'mat-form-field' is not a known element:
1. If 'mat-form-field' is an Angular component, then verify that it is part of this module.
2. If 'mat-form-field' is a Web Component then add 'CUSTOM_ELEMENTS_SCHEMA' to the '@NgModule.schemas' of this component to suppress this message. ("&lt;div&gt;
  &lt;h3 class="text-center"&gt;Add Paragraph&lt;/h3&gt;
  [ERROR -&gt;]&lt;mat-form-field style="width: 100%"&gt;
    &lt;textarea [(ngModel)]="content" matInput&gt;&lt;/textarea&gt;
  &lt;/mat"): ng:///DynamicTestModule/AddParagraphComponent.html@2:2
error properties: Object({ ngSyntaxError: true, ngParseErrors: [ Can't bind to 'ngModel' since it isn't a known property of 'textarea'. ("
  &lt;button style="width: 100%" mat-butt"): ng:///DynamicTestModule/AddParagraphComponent.html@3:14, 'mat-form-field' is not a known element:
  &lt;/mat"): ng:///DynamicTestModule/AddParagraphComponent.html@2:2 ] })
Error: Template parse errors:
    at syntaxError (node_modules/@angular/compiler/fesm5/compiler.js:2420:1)
    at TemplateParser.push../node_modules/@angular/compiler/fesm5/compiler.js.TemplateParser.parse (node_modules/@angular/compiler/fesm5/compiler.js:12208:1)
    at JitCompiler.push../node_modules/@angular/compiler/fesm5/compiler.js.JitCompiler._parseTemplate (node_modules/@angular/compiler/fesm5/compiler.js:27518:1)
    at JitCompiler.push../node_modules/@angular/compiler/fesm5/compiler.js.JitCompiler._compileTemplate (node_modules/@angular/compiler/fesm5/compiler.js:27505:1)
    at node_modules/@angular/compiler/fesm5/compiler.js:27448:48
    at &lt;Jasmine&gt;
    at JitCompiler.push../node_modules/@angular/compiler/fesm5/compiler.js.JitCompiler._compileComponents (node_modules/@angular/compiler/fesm5/compiler.js:27448:1)
    at node_modules/@angular/compiler/fesm5/compiler.js:27366:1
    at Object.then (node_modules/@angular/compiler/fesm5/compiler.js:2411:33)
    at JitCompiler.push../node_modules/@angular/compiler/fesm5/compiler.js.JitCompiler._compileModuleAndAllComponents (node_modules/@angular/compiler/fesm5/compiler.js:27364:1)
</failure>
    <failure type="">  &lt;h3 class="text-center"&gt;Add Paragraph&lt;/h3&gt;
  &lt;mat-form-field style="width: 100%"&gt;
    &lt;textarea [ERROR -&gt;][(ngModel)]="content" matInput&gt;&lt;/textarea&gt;
  &lt;/mat-form-field&gt;
1. If 'mat-form-field' is an Angular component, then verify that it is part of this module.
2. If 'mat-form-field' is a Web Component then add 'CUSTOM_ELEMENTS_SCHEMA' to the '@NgModule.schemas' of this component to suppress this message. ("&lt;div&gt;
  &lt;h3 class="text-center"&gt;Add Paragraph&lt;/h3&gt;
  [ERROR -&gt;]&lt;mat-form-field style="width: 100%"&gt;
    &lt;textarea [(ngModel)]="content" matInput&gt;&lt;/textarea&gt;
Error: Template parse errors:
Can't bind to 'ngModel' since it isn't a known property of 'textarea'. ("
  &lt;h3 class="text-center"&gt;Add Paragraph&lt;/h3&gt;
  &lt;mat-form-field style="width: 100%"&gt;
    &lt;textarea [ERROR -&gt;][(ngModel)]="content" matInput&gt;&lt;/textarea&gt;
  &lt;/mat-form-field&gt;
  &lt;button style="width: 100%" mat-butt"): ng:///DynamicTestModule/AddParagraphComponent.html@3:14
'mat-form-field' is not a known element:
1. If 'mat-form-field' is an Angular component, then verify that it is part of this module.
2. If 'mat-form-field' is a Web Component then add 'CUSTOM_ELEMENTS_SCHEMA' to the '@NgModule.schemas' of this component to suppress this message. ("&lt;div&gt;
  &lt;h3 class="text-center"&gt;Add Paragraph&lt;/h3&gt;
  [ERROR -&gt;]&lt;mat-form-field style="width: 100%"&gt;
    &lt;textarea [(ngModel)]="content" matInput&gt;&lt;/textarea&gt;
  &lt;/mat"): ng:///DynamicTestModule/AddParagraphComponent.html@2:2
error properties: Object({ ngSyntaxError: true, ngParseErrors: [ Can't bind to 'ngModel' since it isn't a known property of 'textarea'. ("
  &lt;button style="width: 100%" mat-butt"): ng:///DynamicTestModule/AddParagraphComponent.html@3:14, 'mat-form-field' is not a known element:
  &lt;/mat"): ng:///DynamicTestModule/AddParagraphComponent.html@2:2 ] })
    at syntaxError (node_modules/@angular/compiler/fesm5/compiler.js:2420:1)
    at TemplateParser.push../node_modules/@angular/compiler/fesm5/compiler.js.TemplateParser.parse (node_modules/@angular/compiler/fesm5/compiler.js:12208:1)
    at JitCompiler.push../node_modules/@angular/compiler/fesm5/compiler.js.JitCompiler._parseTemplate (node_modules/@angular/compiler/fesm5/compiler.js:27518:1)
    at JitCompiler.push../node_modules/@angular/compiler/fesm5/compiler.js.JitCompiler._compileTemplate (node_modules/@angular/compiler/fesm5/compiler.js:27505:1)
    at node_modules/@angular/compiler/fesm5/compiler.js:27448:48
    at &lt;Jasmine&gt;
    at JitCompiler.push../node_modules/@angular/compiler/fesm5/compiler.js.JitCompiler._compileComponents (node_modules/@angular/compiler/fesm5/compiler.js:27448:1)
    at node_modules/@angular/compiler/fesm5/compiler.js:27366:1
    at Object.then (node_modules/@angular/compiler/fesm5/compiler.js:2411:33)
    at JitCompiler.push../node_modules/@angular/compiler/fesm5/compiler.js.JitCompiler._compileModuleAndAllComponents (node_modules/@angular/compiler/fesm5/compiler.js:27364:1)
</failure>
    <failure type="">Error: Expected undefined to be truthy.
    at &lt;Jasmine&gt;
    at UserContext.&lt;anonymous&gt; (src/app/admin/pages/add-paragraph/add-paragraph.component.spec.ts:23:23)
    at ZoneDelegate../node_modules/zone.js/dist/zone.js.ZoneDelegate.invoke (node_modules/zone.js/dist/zone.js:391:1)
    at ProxyZoneSpec.push../node_modules/zone.js/dist/zone-testing.js.ProxyZoneSpec.onInvoke (node_modules/zone.js/dist/zone-testing.js:308:1)
</failure>
  </testcase>
  <testcase name="EditParagraphComponent should create" time="0.013" classname="EditParagraphComponent">
    <failure type="">  &lt;h3 class="text-center"&gt;Edit Paragraph&lt;/h3&gt;
  &lt;mat-form-field style="width: 100%"&gt;
    &lt;textarea [ERROR -&gt;][(ngModel)]="data.content" style='height: 100px' matInput&gt;&lt;/textarea&gt;
  &lt;/mat-form-field&gt;
1. If 'mat-form-field' is an Angular component, then verify that it is part of this module.
2. If 'mat-form-field' is a Web Component then add 'CUSTOM_ELEMENTS_SCHEMA' to the '@NgModule.schemas' of this component to suppress this message. ("&lt;div&gt;
  &lt;h3 class="text-center"&gt;Edit Paragraph&lt;/h3&gt;
  [ERROR -&gt;]&lt;mat-form-field style="width: 100%"&gt;
Can't bind to 'ngModel' since it isn't a known property of 'textarea'. ("
  &lt;h3 class="text-center"&gt;Edit Paragraph&lt;/h3&gt;
  &lt;mat-form-field style="width: 100%"&gt;
    &lt;textarea [ERROR -&gt;][(ngModel)]="data.content" style='height: 100px' matInput&gt;&lt;/textarea&gt;
  &lt;/mat-form-field&gt;
  &lt;button s"): ng:///DynamicTestModule/EditParagraphComponent.html@3:14
'mat-form-field' is not a known element:
1. If 'mat-form-field' is an Angular component, then verify that it is part of this module.
2. If 'mat-form-field' is a Web Component then add 'CUSTOM_ELEMENTS_SCHEMA' to the '@NgModule.schemas' of this component to suppress this message. ("&lt;div&gt;
  &lt;h3 class="text-center"&gt;Edit Paragraph&lt;/h3&gt;
  [ERROR -&gt;]&lt;mat-form-field style="width: 100%"&gt;
    &lt;textarea [(ngModel)]="data.content" style='height: 100px' m"): ng:///DynamicTestModule/EditParagraphComponent.html@2:2
error properties: Object({ ngSyntaxError: true, ngParseErrors: [ Can't bind to 'ngModel' since it isn't a known property of 'textarea'. ("
  &lt;button s"): ng:///DynamicTestModule/EditParagraphComponent.html@3:14, 'mat-form-field' is not a known element:
    &lt;textarea [(ngModel)]="data.content" style='height: 100px' m"): ng:///DynamicTestModule/EditParagraphComponent.html@2:2 ] })
Error: Template parse errors:
    at syntaxError (node_modules/@angular/compiler/fesm5/compiler.js:2420:1)
    at TemplateParser.push../node_modules/@angular/compiler/fesm5/compiler.js.TemplateParser.parse (node_modules/@angular/compiler/fesm5/compiler.js:12208:1)
    at JitCompiler.push../node_modules/@angular/compiler/fesm5/compiler.js.JitCompiler._parseTemplate (node_modules/@angular/compiler/fesm5/compiler.js:27518:1)
    at JitCompiler.push../node_modules/@angular/compiler/fesm5/compiler.js.JitCompiler._compileTemplate (node_modules/@angular/compiler/fesm5/compiler.js:27505:1)
    at node_modules/@angular/compiler/fesm5/compiler.js:27448:48
    at &lt;Jasmine&gt;
    at JitCompiler.push../node_modules/@angular/compiler/fesm5/compiler.js.JitCompiler._compileComponents (node_modules/@angular/compiler/fesm5/compiler.js:27448:1)
    at node_modules/@angular/compiler/fesm5/compiler.js:27366:1
    at Object.then (node_modules/@angular/compiler/fesm5/compiler.js:2411:33)
    at JitCompiler.push../node_modules/@angular/compiler/fesm5/compiler.js.JitCompiler._compileModuleAndAllComponents (node_modules/@angular/compiler/fesm5/compiler.js:27364:1)
</failure>
    <failure type="">  &lt;h3 class="text-center"&gt;Edit Paragraph&lt;/h3&gt;
  &lt;mat-form-field style="width: 100%"&gt;
    &lt;textarea [ERROR -&gt;][(ngModel)]="data.content" style='height: 100px' matInput&gt;&lt;/textarea&gt;
  &lt;/mat-form-field&gt;
1. If 'mat-form-field' is an Angular component, then verify that it is part of this module.
2. If 'mat-form-field' is a Web Component then add 'CUSTOM_ELEMENTS_SCHEMA' to the '@NgModule.schemas' of this component to suppress this message. ("&lt;div&gt;
  &lt;h3 class="text-center"&gt;Edit Paragraph&lt;/h3&gt;
  [ERROR -&gt;]&lt;mat-form-field style="width: 100%"&gt;
Error: Template parse errors:
Can't bind to 'ngModel' since it isn't a known property of 'textarea'. ("
  &lt;h3 class="text-center"&gt;Edit Paragraph&lt;/h3&gt;
  &lt;mat-form-field style="width: 100%"&gt;
    &lt;textarea [ERROR -&gt;][(ngModel)]="data.content" style='height: 100px' matInput&gt;&lt;/textarea&gt;
  &lt;/mat-form-field&gt;
  &lt;button s"): ng:///DynamicTestModule/EditParagraphComponent.html@3:14
'mat-form-field' is not a known element:
1. If 'mat-form-field' is an Angular component, then verify that it is part of this module.
2. If 'mat-form-field' is a Web Component then add 'CUSTOM_ELEMENTS_SCHEMA' to the '@NgModule.schemas' of this component to suppress this message. ("&lt;div&gt;
  &lt;h3 class="text-center"&gt;Edit Paragraph&lt;/h3&gt;
  [ERROR -&gt;]&lt;mat-form-field style="width: 100%"&gt;
    &lt;textarea [(ngModel)]="data.content" style='height: 100px' m"): ng:///DynamicTestModule/EditParagraphComponent.html@2:2
error properties: Object({ ngSyntaxError: true, ngParseErrors: [ Can't bind to 'ngModel' since it isn't a known property of 'textarea'. ("
  &lt;button s"): ng:///DynamicTestModule/EditParagraphComponent.html@3:14, 'mat-form-field' is not a known element:
    &lt;textarea [(ngModel)]="data.content" style='height: 100px' m"): ng:///DynamicTestModule/EditParagraphComponent.html@2:2 ] })
    at syntaxError (node_modules/@angular/compiler/fesm5/compiler.js:2420:1)
    at TemplateParser.push../node_modules/@angular/compiler/fesm5/compiler.js.TemplateParser.parse (node_modules/@angular/compiler/fesm5/compiler.js:12208:1)
    at JitCompiler.push../node_modules/@angular/compiler/fesm5/compiler.js.JitCompiler._parseTemplate (node_modules/@angular/compiler/fesm5/compiler.js:27518:1)
    at JitCompiler.push../node_modules/@angular/compiler/fesm5/compiler.js.JitCompiler._compileTemplate (node_modules/@angular/compiler/fesm5/compiler.js:27505:1)
    at node_modules/@angular/compiler/fesm5/compiler.js:27448:48
    at &lt;Jasmine&gt;
    at JitCompiler.push../node_modules/@angular/compiler/fesm5/compiler.js.JitCompiler._compileComponents (node_modules/@angular/compiler/fesm5/compiler.js:27448:1)
    at node_modules/@angular/compiler/fesm5/compiler.js:27366:1
    at Object.then (node_modules/@angular/compiler/fesm5/compiler.js:2411:33)
    at JitCompiler.push../node_modules/@angular/compiler/fesm5/compiler.js.JitCompiler._compileModuleAndAllComponents (node_modules/@angular/compiler/fesm5/compiler.js:27364:1)
</failure>
    <failure type="">Error: Expected undefined to be truthy.
    at &lt;Jasmine&gt;
    at UserContext.&lt;anonymous&gt; (src/app/admin/pages/edit-paragraph/edit-paragraph.component.spec.ts:23:23)
    at ZoneDelegate../node_modules/zone.js/dist/zone.js.ZoneDelegate.invoke (node_modules/zone.js/dist/zone.js:391:1)
    at ProxyZoneSpec.push../node_modules/zone.js/dist/zone-testing.js.ProxyZoneSpec.onInvoke (node_modules/zone.js/dist/zone-testing.js:308:1)
</failure>
  </testcase>
  <testcase name="AddSectionComponent should create" time="0.015" classname="AddSectionComponent">
    <failure type="">  &lt;mat-form-field style="width: 100%"&gt;
    &lt;input type="text" matInput [ERROR -&gt;][(ngModel)]="title" placeholder="Section Title" /&gt;
  &lt;/mat-form-field&gt;
1. If 'mat-form-field' is an Angular component, then verify that it is part of this module.
2. If 'mat-form-field' is a Web Component then add 'CUSTOM_ELEMENTS_SCHEMA' to the '@NgModule.schemas' of this component to suppress this message. ("&lt;div&gt;
  &lt;h3 class="text-center"&gt;Add Section&lt;/h3&gt;
  [ERROR -&gt;]&lt;mat-form-field style="width: 100%"&gt;
Can't bind to 'ngModel' since it isn't a known property of 'input'. ("ext-center"&gt;Add Section&lt;/h3&gt;
  &lt;mat-form-field style="width: 100%"&gt;
    &lt;input type="text" matInput [ERROR -&gt;][(ngModel)]="title" placeholder="Section Title" /&gt;
  &lt;/mat-form-field&gt;
  &lt;mat-form-field style="width"): ng:///DynamicTestModule/AddSectionComponent.html@3:32
'mat-form-field' is not a known element:
1. If 'mat-form-field' is an Angular component, then verify that it is part of this module.
2. If 'mat-form-field' is a Web Component then add 'CUSTOM_ELEMENTS_SCHEMA' to the '@NgModule.schemas' of this component to suppress this message. ("&lt;div&gt;
  &lt;h3 class="text-center"&gt;Add Section&lt;/h3&gt;
  [ERROR -&gt;]&lt;mat-form-field style="width: 100%"&gt;
    &lt;input type="text" matInput [(ngModel)]="title" placeholder="): ng:///DynamicTestModule/AddSectionComponent.html@2:2
'mat-label' is not a known element:
1. If 'mat-label' is an Angular component, then verify that it is part of this module.
2. If 'mat-label' is a Web Component then add 'CUSTOM_ELEMENTS_SCHEMA' to the '@NgModule.schemas' of this component to suppress this message. ("
  &lt;/mat-form-field&gt;
  &lt;mat-form-field style="width: 100%"&gt;
    [ERROR -&gt;]&lt;mat-label&gt;Side&lt;/mat-label&gt;
    &lt;mat-select [(ngModel)]="side"&gt;
      &lt;mat-option value="left"&gt;Left&lt;/"): ng:///DynamicTestModule/AddSectionComponent.html@6:4
Can't bind to 'ngModel' since it isn't a known property of 'mat-select'.
1. If 'mat-select' is an Angular component and it has 'ngModel' input, then verify that it is part of this module.
2. If 'mat-select' is a Web Component then add 'CUSTOM_ELEMENTS_SCHEMA' to the '@NgModule.schemas' of this component to suppress this message.
3. To allow any property add 'NO_ERRORS_SCHEMA' to the '@NgModule.schemas' of this component. ("
  &lt;mat-form-field style="width: 100%"&gt;
    &lt;mat-label&gt;Side&lt;/mat-label&gt;
    &lt;mat-select [ERROR -&gt;][(ngModel)]="side"&gt;
      &lt;mat-option value="left"&gt;Left&lt;/mat-option&gt;
      &lt;mat-option value="right"&gt;"): ng:///DynamicTestModule/AddSectionComponent.html@7:16
'mat-option' is not a known element:
1. If 'mat-option' is an Angular component, then verify that it is part of this module.
2. If 'mat-option' is a Web Component then add 'CUSTOM_ELEMENTS_SCHEMA' to the '@NgModule.schemas' of this component to suppress this message. ("
    &lt;mat-label&gt;Side&lt;/mat-label&gt;
    &lt;mat-select [(ngModel)]="side"&gt;
      [ERROR -&gt;]&lt;mat-option value="left"&gt;Left&lt;/mat-option&gt;
      &lt;mat-option value="right"&gt;Right&lt;/mat-option&gt;
    &lt;/m"): ng:///DynamicTestModule/AddSectionComponent.html@8:6
'mat-option' is not a known element:
1. If 'mat-option' is an Angular component, then verify that it is part of this module.
2. If 'mat-option' is a Web Component then add 'CUSTOM_ELEMENTS_SCHEMA' to the '@NgModule.schemas' of this component to suppress this message. ("
    &lt;mat-select [(ngModel)]="side"&gt;
      &lt;mat-option value="left"&gt;Left&lt;/mat-option&gt;
      [ERROR -&gt;]&lt;mat-option value="right"&gt;Right&lt;/mat-option&gt;
    &lt;/mat-select&gt;
  &lt;/mat-form-field&gt;
"): ng:///DynamicTestModule/AddSectionComponent.html@9:6
'mat-select' is not a known element:
1. If 'mat-select' is an Angular component, then verify that it is part of this module.
2. If 'mat-select' is a Web Component then add 'CUSTOM_ELEMENTS_SCHEMA' to the '@NgModule.schemas' of this component to suppress this message. ("
  &lt;mat-form-field style="width: 100%"&gt;
    &lt;mat-label&gt;Side&lt;/mat-label&gt;
    [ERROR -&gt;]&lt;mat-select [(ngModel)]="side"&gt;
      &lt;mat-option value="left"&gt;Left&lt;/mat-option&gt;
      &lt;mat-option va"): ng:///DynamicTestModule/AddSectionComponent.html@7:4
'mat-form-field' is not a known element:
1. If 'mat-form-field' is an Angular component, then verify that it is part of this module.
2. If 'mat-form-field' is a Web Component then add 'CUSTOM_ELEMENTS_SCHEMA' to the '@NgModule.schemas' of this component to suppress this message. ("input type="text" matInput [(ngModel)]="title" placeholder="Section Title" /&gt;
  &lt;/mat-form-field&gt;
  [ERROR -&gt;]&lt;mat-form-field style="width: 100%"&gt;
    &lt;mat-label&gt;Side&lt;/mat-label&gt;
    &lt;mat-select [(ngModel)]="sid"): ng:///DynamicTestModule/AddSectionComponent.html@5:2
error properties: Object({ ngSyntaxError: true, ngParseErrors: [ Can't bind to 'ngModel' since it isn't a known property of 'input'. ("ext-center"&gt;Add Section&lt;/h3&gt;
  &lt;mat-form-field style="width"): ng:///DynamicTestModule/AddSectionComponent.html@3:32, 'mat-form-field' is not a known element:
    &lt;input type="text" matInput [(ngModel)]="title" placeholder="): ng:///DynamicTestModule/AddSectionComponent.html@2:2, 'mat-label' is not a known element:
1. If 'mat-label' is an Angular component, then verify that it is part  ...
Error: Template parse errors:
    at syntaxError (node_modules/@angular/compiler/fesm5/compiler.js:2420:1)
    at TemplateParser.push../node_modules/@angular/compiler/fesm5/compiler.js.TemplateParser.parse (node_modules/@angular/compiler/fesm5/compiler.js:12208:1)
    at JitCompiler.push../node_modules/@angular/compiler/fesm5/compiler.js.JitCompiler._parseTemplate (node_modules/@angular/compiler/fesm5/compiler.js:27518:1)
    at JitCompiler.push../node_modules/@angular/compiler/fesm5/compiler.js.JitCompiler._compileTemplate (node_modules/@angular/compiler/fesm5/compiler.js:27505:1)
    at node_modules/@angular/compiler/fesm5/compiler.js:27448:48
    at &lt;Jasmine&gt;
    at JitCompiler.push../node_modules/@angular/compiler/fesm5/compiler.js.JitCompiler._compileComponents (node_modules/@angular/compiler/fesm5/compiler.js:27448:1)
    at node_modules/@angular/compiler/fesm5/compiler.js:27366:1
    at Object.then (node_modules/@angular/compiler/fesm5/compiler.js:2411:33)
    at JitCompiler.push../node_modules/@angular/compiler/fesm5/compiler.js.JitCompiler._compileModuleAndAllComponents (node_modules/@angular/compiler/fesm5/compiler.js:27364:1)
</failure>
    <failure type="">  &lt;mat-form-field style="width: 100%"&gt;
    &lt;input type="text" matInput [ERROR -&gt;][(ngModel)]="title" placeholder="Section Title" /&gt;
  &lt;/mat-form-field&gt;
1. If 'mat-form-field' is an Angular component, then verify that it is part of this module.
2. If 'mat-form-field' is a Web Component then add 'CUSTOM_ELEMENTS_SCHEMA' to the '@NgModule.schemas' of this component to suppress this message. ("&lt;div&gt;
  &lt;h3 class="text-center"&gt;Add Section&lt;/h3&gt;
  [ERROR -&gt;]&lt;mat-form-field style="width: 100%"&gt;
Error: Template parse errors:
Can't bind to 'ngModel' since it isn't a known property of 'input'. ("ext-center"&gt;Add Section&lt;/h3&gt;
  &lt;mat-form-field style="width: 100%"&gt;
    &lt;input type="text" matInput [ERROR -&gt;][(ngModel)]="title" placeholder="Section Title" /&gt;
  &lt;/mat-form-field&gt;
  &lt;mat-form-field style="width"): ng:///DynamicTestModule/AddSectionComponent.html@3:32
'mat-form-field' is not a known element:
1. If 'mat-form-field' is an Angular component, then verify that it is part of this module.
2. If 'mat-form-field' is a Web Component then add 'CUSTOM_ELEMENTS_SCHEMA' to the '@NgModule.schemas' of this component to suppress this message. ("&lt;div&gt;
  &lt;h3 class="text-center"&gt;Add Section&lt;/h3&gt;
  [ERROR -&gt;]&lt;mat-form-field style="width: 100%"&gt;
    &lt;input type="text" matInput [(ngModel)]="title" placeholder="): ng:///DynamicTestModule/AddSectionComponent.html@2:2
'mat-label' is not a known element:
1. If 'mat-label' is an Angular component, then verify that it is part of this module.
2. If 'mat-label' is a Web Component then add 'CUSTOM_ELEMENTS_SCHEMA' to the '@NgModule.schemas' of this component to suppress this message. ("
  &lt;/mat-form-field&gt;
  &lt;mat-form-field style="width: 100%"&gt;
    [ERROR -&gt;]&lt;mat-label&gt;Side&lt;/mat-label&gt;
    &lt;mat-select [(ngModel)]="side"&gt;
      &lt;mat-option value="left"&gt;Left&lt;/"): ng:///DynamicTestModule/AddSectionComponent.html@6:4
Can't bind to 'ngModel' since it isn't a known property of 'mat-select'.
1. If 'mat-select' is an Angular component and it has 'ngModel' input, then verify that it is part of this module.
2. If 'mat-select' is a Web Component then add 'CUSTOM_ELEMENTS_SCHEMA' to the '@NgModule.schemas' of this component to suppress this message.
3. To allow any property add 'NO_ERRORS_SCHEMA' to the '@NgModule.schemas' of this component. ("
  &lt;mat-form-field style="width: 100%"&gt;
    &lt;mat-label&gt;Side&lt;/mat-label&gt;
    &lt;mat-select [ERROR -&gt;][(ngModel)]="side"&gt;
      &lt;mat-option value="left"&gt;Left&lt;/mat-option&gt;
      &lt;mat-option value="right"&gt;"): ng:///DynamicTestModule/AddSectionComponent.html@7:16
'mat-option' is not a known element:
1. If 'mat-option' is an Angular component, then verify that it is part of this module.
2. If 'mat-option' is a Web Component then add 'CUSTOM_ELEMENTS_SCHEMA' to the '@NgModule.schemas' of this component to suppress this message. ("
    &lt;mat-label&gt;Side&lt;/mat-label&gt;
    &lt;mat-select [(ngModel)]="side"&gt;
      [ERROR -&gt;]&lt;mat-option value="left"&gt;Left&lt;/mat-option&gt;
      &lt;mat-option value="right"&gt;Right&lt;/mat-option&gt;
    &lt;/m"): ng:///DynamicTestModule/AddSectionComponent.html@8:6
'mat-option' is not a known element:
1. If 'mat-option' is an Angular component, then verify that it is part of this module.
2. If 'mat-option' is a Web Component then add 'CUSTOM_ELEMENTS_SCHEMA' to the '@NgModule.schemas' of this component to suppress this message. ("
    &lt;mat-select [(ngModel)]="side"&gt;
      &lt;mat-option value="left"&gt;Left&lt;/mat-option&gt;
      [ERROR -&gt;]&lt;mat-option value="right"&gt;Right&lt;/mat-option&gt;
    &lt;/mat-select&gt;
  &lt;/mat-form-field&gt;
"): ng:///DynamicTestModule/AddSectionComponent.html@9:6
'mat-select' is not a known element:
1. If 'mat-select' is an Angular component, then verify that it is part of this module.
2. If 'mat-select' is a Web Component then add 'CUSTOM_ELEMENTS_SCHEMA' to the '@NgModule.schemas' of this component to suppress this message. ("
  &lt;mat-form-field style="width: 100%"&gt;
    &lt;mat-label&gt;Side&lt;/mat-label&gt;
    [ERROR -&gt;]&lt;mat-select [(ngModel)]="side"&gt;
      &lt;mat-option value="left"&gt;Left&lt;/mat-option&gt;
      &lt;mat-option va"): ng:///DynamicTestModule/AddSectionComponent.html@7:4
'mat-form-field' is not a known element:
1. If 'mat-form-field' is an Angular component, then verify that it is part of this module.
2. If 'mat-form-field' is a Web Component then add 'CUSTOM_ELEMENTS_SCHEMA' to the '@NgModule.schemas' of this component to suppress this message. ("input type="text" matInput [(ngModel)]="title" placeholder="Section Title" /&gt;
  &lt;/mat-form-field&gt;
  [ERROR -&gt;]&lt;mat-form-field style="width: 100%"&gt;
    &lt;mat-label&gt;Side&lt;/mat-label&gt;
    &lt;mat-select [(ngModel)]="sid"): ng:///DynamicTestModule/AddSectionComponent.html@5:2
error properties: Object({ ngSyntaxError: true, ngParseErrors: [ Can't bind to 'ngModel' since it isn't a known property of 'input'. ("ext-center"&gt;Add Section&lt;/h3&gt;
  &lt;mat-form-field style="width"): ng:///DynamicTestModule/AddSectionComponent.html@3:32, 'mat-form-field' is not a known element:
    &lt;input type="text" matInput [(ngModel)]="title" placeholder="): ng:///DynamicTestModule/AddSectionComponent.html@2:2, 'mat-label' is not a known element:
1. If 'mat-label' is an Angular component, then verify that it is part  ...
    at syntaxError (node_modules/@angular/compiler/fesm5/compiler.js:2420:1)
    at TemplateParser.push../node_modules/@angular/compiler/fesm5/compiler.js.TemplateParser.parse (node_modules/@angular/compiler/fesm5/compiler.js:12208:1)
    at JitCompiler.push../node_modules/@angular/compiler/fesm5/compiler.js.JitCompiler._parseTemplate (node_modules/@angular/compiler/fesm5/compiler.js:27518:1)
    at JitCompiler.push../node_modules/@angular/compiler/fesm5/compiler.js.JitCompiler._compileTemplate (node_modules/@angular/compiler/fesm5/compiler.js:27505:1)
    at node_modules/@angular/compiler/fesm5/compiler.js:27448:48
    at &lt;Jasmine&gt;
    at JitCompiler.push../node_modules/@angular/compiler/fesm5/compiler.js.JitCompiler._compileComponents (node_modules/@angular/compiler/fesm5/compiler.js:27448:1)
    at node_modules/@angular/compiler/fesm5/compiler.js:27366:1
    at Object.then (node_modules/@angular/compiler/fesm5/compiler.js:2411:33)
    at JitCompiler.push../node_modules/@angular/compiler/fesm5/compiler.js.JitCompiler._compileModuleAndAllComponents (node_modules/@angular/compiler/fesm5/compiler.js:27364:1)
</failure>
    <failure type="">Error: Expected undefined to be truthy.
    at &lt;Jasmine&gt;
    at UserContext.&lt;anonymous&gt; (src/app/admin/pages/add-section/add-section.component.spec.ts:23:23)
    at ZoneDelegate../node_modules/zone.js/dist/zone.js.ZoneDelegate.invoke (node_modules/zone.js/dist/zone.js:391:1)
    at ProxyZoneSpec.push../node_modules/zone.js/dist/zone-testing.js.ProxyZoneSpec.onInvoke (node_modules/zone.js/dist/zone-testing.js:308:1)
</failure>
  </testcase>
  <testcase name="FrienditemComponent should create" time="0.025" classname="FrienditemComponent">
    <failure type="">						(click)="$event.stopPropagation();" [ERROR -&gt;][matMenuTriggerFor]="friends_more_menu"&gt;
						&lt;mat-icon&gt;more_vert&lt;/mat-icon&gt;
					&lt;/button&gt;
1. If 'mat-icon' is an Angular component, then verify that it is part of this module.
2. If 'mat-icon' is a Web Component then add 'CUSTOM_ELEMENTS_SCHEMA' to the '@NgModule.schemas' of this component to suppress this message. ("con-button
						(click)="$event.stopPropagation();" [matMenuTriggerFor]="friends_more_menu"&gt;
						[ERROR -&gt;]&lt;mat-icon&gt;more_vert&lt;/mat-icon&gt;
					&lt;/button&gt;
					&lt;mat-menu #friends_more_menu="matMenu"&gt;
Can't bind to 'matMenuTriggerFor' since it isn't a known property of 'button'. ("enditem-td-button" title="Friend options" mat-icon-button
						(click)="$event.stopPropagation();" [ERROR -&gt;][matMenuTriggerFor]="friends_more_menu"&gt;
						&lt;mat-icon&gt;more_vert&lt;/mat-icon&gt;
					&lt;/button&gt;
"): ng:///DynamicTestModule/FrienditemComponent.html@15:42
'mat-icon' is not a known element:
1. If 'mat-icon' is an Angular component, then verify that it is part of this module.
2. If 'mat-icon' is a Web Component then add 'CUSTOM_ELEMENTS_SCHEMA' to the '@NgModule.schemas' of this component to suppress this message. ("con-button
						(click)="$event.stopPropagation();" [matMenuTriggerFor]="friends_more_menu"&gt;
						[ERROR -&gt;]&lt;mat-icon&gt;more_vert&lt;/mat-icon&gt;
					&lt;/button&gt;
					&lt;mat-menu #friends_more_menu="matMenu"&gt;
"): ng:///DynamicTestModule/FrienditemComponent.html@16:6
There is no directive with "exportAs" set to "matMenu" ("
						&lt;mat-icon&gt;more_vert&lt;/mat-icon&gt;
					&lt;/button&gt;
					&lt;mat-menu [ERROR -&gt;]#friends_more_menu="matMenu"&gt;
						&lt;a mat-list-item class="dd-usr-item"&gt;
							&lt;mat-icon class="dd-"): ng:///DynamicTestModule/FrienditemComponent.html@18:15
'mat-icon' is not a known element:
1. If 'mat-icon' is an Angular component, then verify that it is part of this module.
2. If 'mat-icon' is a Web Component then add 'CUSTOM_ELEMENTS_SCHEMA' to the '@NgModule.schemas' of this component to suppress this message. ("
					&lt;mat-menu #friends_more_menu="matMenu"&gt;
						&lt;a mat-list-item class="dd-usr-item"&gt;
							[ERROR -&gt;]&lt;mat-icon class="dd-usr-item-more"&gt;add&lt;/mat-icon&gt;
							&lt;span class="nav-caption"&gt; Add &lt;/span&gt;
					"): ng:///DynamicTestModule/FrienditemComponent.html@20:7
'mat-icon' is not a known element:
1. If 'mat-icon' is an Angular component, then verify that it is part of this module.
2. If 'mat-icon' is a Web Component then add 'CUSTOM_ELEMENTS_SCHEMA' to the '@NgModule.schemas' of this component to suppress this message. ("
						&lt;/a&gt;
						&lt;a mat-list-item class="dd-usr-item dd-usr-item-more"&gt;
							[ERROR -&gt;]&lt;mat-icon class="dd-usr-item-more"&gt;block&lt;/mat-icon&gt;
							&lt;span class="nav-caption"&gt; Block &lt;/span&gt;
	"): ng:///DynamicTestModule/FrienditemComponent.html@24:7
'mat-menu' is not a known element:
1. If 'mat-menu' is an Angular component, then verify that it is part of this module.
2. If 'mat-menu' is a Web Component then add 'CUSTOM_ELEMENTS_SCHEMA' to the '@NgModule.schemas' of this component to suppress this message. ("
						&lt;mat-icon&gt;more_vert&lt;/mat-icon&gt;
					&lt;/button&gt;
					[ERROR -&gt;]&lt;mat-menu #friends_more_menu="matMenu"&gt;
						&lt;a mat-list-item class="dd-usr-item"&gt;
							&lt;mat-icon "): ng:///DynamicTestModule/FrienditemComponent.html@18:5
'mat-card' is not a known element:
1. If 'mat-card' is an Angular component, then verify that it is part of this module.
2. If 'mat-card' is a Web Component then add 'CUSTOM_ELEMENTS_SCHEMA' to the '@NgModule.schemas' of this component to suppress this message. ("[ERROR -&gt;]&lt;mat-card class="app-frienditem" matRipple (click)="openFriendChat()"&gt;
	&lt;table class="full-width"&gt;
		"): ng:///DynamicTestModule/FrienditemComponent.html@0:0
error properties: Object({ ngSyntaxError: true, ngParseErrors: [ Can't bind to 'matMenuTriggerFor' since it isn't a known property of 'button'. ("enditem-td-button" title="Friend options" mat-icon-button
"): ng:///DynamicTestModule/FrienditemComponent.html@15:42, 'mat-icon' is not a known element:
"): ng:///DynamicTestModule/FrienditemComponent.html@16:6, There is no directive with "exportAs" set to "matMenu" ("
						&lt;mat-icon&gt;more_ve ...
Error: Template parse errors:
    at syntaxError (node_modules/@angular/compiler/fesm5/compiler.js:2420:1)
    at TemplateParser.push../node_modules/@angular/compiler/fesm5/compiler.js.TemplateParser.parse (node_modules/@angular/compiler/fesm5/compiler.js:12208:1)
    at JitCompiler.push../node_modules/@angular/compiler/fesm5/compiler.js.JitCompiler._parseTemplate (node_modules/@angular/compiler/fesm5/compiler.js:27518:1)
    at JitCompiler.push../node_modules/@angular/compiler/fesm5/compiler.js.JitCompiler._compileTemplate (node_modules/@angular/compiler/fesm5/compiler.js:27505:1)
    at node_modules/@angular/compiler/fesm5/compiler.js:27448:48
    at &lt;Jasmine&gt;
    at JitCompiler.push../node_modules/@angular/compiler/fesm5/compiler.js.JitCompiler._compileComponents (node_modules/@angular/compiler/fesm5/compiler.js:27448:1)
    at node_modules/@angular/compiler/fesm5/compiler.js:27366:1
    at Object.then (node_modules/@angular/compiler/fesm5/compiler.js:2411:33)
    at JitCompiler.push../node_modules/@angular/compiler/fesm5/compiler.js.JitCompiler._compileModuleAndAllComponents (node_modules/@angular/compiler/fesm5/compiler.js:27364:1)
</failure>
    <failure type="">						(click)="$event.stopPropagation();" [ERROR -&gt;][matMenuTriggerFor]="friends_more_menu"&gt;
						&lt;mat-icon&gt;more_vert&lt;/mat-icon&gt;
					&lt;/button&gt;
1. If 'mat-icon' is an Angular component, then verify that it is part of this module.
2. If 'mat-icon' is a Web Component then add 'CUSTOM_ELEMENTS_SCHEMA' to the '@NgModule.schemas' of this component to suppress this message. ("con-button
						(click)="$event.stopPropagation();" [matMenuTriggerFor]="friends_more_menu"&gt;
						[ERROR -&gt;]&lt;mat-icon&gt;more_vert&lt;/mat-icon&gt;
					&lt;/button&gt;
					&lt;mat-menu #friends_more_menu="matMenu"&gt;
Error: Template parse errors:
Can't bind to 'matMenuTriggerFor' since it isn't a known property of 'button'. ("enditem-td-button" title="Friend options" mat-icon-button
						(click)="$event.stopPropagation();" [ERROR -&gt;][matMenuTriggerFor]="friends_more_menu"&gt;
						&lt;mat-icon&gt;more_vert&lt;/mat-icon&gt;
					&lt;/button&gt;
"): ng:///DynamicTestModule/FrienditemComponent.html@15:42
'mat-icon' is not a known element:
1. If 'mat-icon' is an Angular component, then verify that it is part of this module.
2. If 'mat-icon' is a Web Component then add 'CUSTOM_ELEMENTS_SCHEMA' to the '@NgModule.schemas' of this component to suppress this message. ("con-button
						(click)="$event.stopPropagation();" [matMenuTriggerFor]="friends_more_menu"&gt;
						[ERROR -&gt;]&lt;mat-icon&gt;more_vert&lt;/mat-icon&gt;
					&lt;/button&gt;
					&lt;mat-menu #friends_more_menu="matMenu"&gt;
"): ng:///DynamicTestModule/FrienditemComponent.html@16:6
There is no directive with "exportAs" set to "matMenu" ("
						&lt;mat-icon&gt;more_vert&lt;/mat-icon&gt;
					&lt;/button&gt;
					&lt;mat-menu [ERROR -&gt;]#friends_more_menu="matMenu"&gt;
						&lt;a mat-list-item class="dd-usr-item"&gt;
							&lt;mat-icon class="dd-"): ng:///DynamicTestModule/FrienditemComponent.html@18:15
'mat-icon' is not a known element:
1. If 'mat-icon' is an Angular component, then verify that it is part of this module.
2. If 'mat-icon' is a Web Component then add 'CUSTOM_ELEMENTS_SCHEMA' to the '@NgModule.schemas' of this component to suppress this message. ("
					&lt;mat-menu #friends_more_menu="matMenu"&gt;
						&lt;a mat-list-item class="dd-usr-item"&gt;
							[ERROR -&gt;]&lt;mat-icon class="dd-usr-item-more"&gt;add&lt;/mat-icon&gt;
							&lt;span class="nav-caption"&gt; Add &lt;/span&gt;
					"): ng:///DynamicTestModule/FrienditemComponent.html@20:7
'mat-icon' is not a known element:
1. If 'mat-icon' is an Angular component, then verify that it is part of this module.
2. If 'mat-icon' is a Web Component then add 'CUSTOM_ELEMENTS_SCHEMA' to the '@NgModule.schemas' of this component to suppress this message. ("
						&lt;/a&gt;
						&lt;a mat-list-item class="dd-usr-item dd-usr-item-more"&gt;
							[ERROR -&gt;]&lt;mat-icon class="dd-usr-item-more"&gt;block&lt;/mat-icon&gt;
							&lt;span class="nav-caption"&gt; Block &lt;/span&gt;
	"): ng:///DynamicTestModule/FrienditemComponent.html@24:7
'mat-menu' is not a known element:
1. If 'mat-menu' is an Angular component, then verify that it is part of this module.
2. If 'mat-menu' is a Web Component then add 'CUSTOM_ELEMENTS_SCHEMA' to the '@NgModule.schemas' of this component to suppress this message. ("
						&lt;mat-icon&gt;more_vert&lt;/mat-icon&gt;
					&lt;/button&gt;
					[ERROR -&gt;]&lt;mat-menu #friends_more_menu="matMenu"&gt;
						&lt;a mat-list-item class="dd-usr-item"&gt;
							&lt;mat-icon "): ng:///DynamicTestModule/FrienditemComponent.html@18:5
'mat-card' is not a known element:
1. If 'mat-card' is an Angular component, then verify that it is part of this module.
2. If 'mat-card' is a Web Component then add 'CUSTOM_ELEMENTS_SCHEMA' to the '@NgModule.schemas' of this component to suppress this message. ("[ERROR -&gt;]&lt;mat-card class="app-frienditem" matRipple (click)="openFriendChat()"&gt;
	&lt;table class="full-width"&gt;
		"): ng:///DynamicTestModule/FrienditemComponent.html@0:0
error properties: Object({ ngSyntaxError: true, ngParseErrors: [ Can't bind to 'matMenuTriggerFor' since it isn't a known property of 'button'. ("enditem-td-button" title="Friend options" mat-icon-button
"): ng:///DynamicTestModule/FrienditemComponent.html@15:42, 'mat-icon' is not a known element:
"): ng:///DynamicTestModule/FrienditemComponent.html@16:6, There is no directive with "exportAs" set to "matMenu" ("
						&lt;mat-icon&gt;more_ve ...
    at syntaxError (node_modules/@angular/compiler/fesm5/compiler.js:2420:1)
    at TemplateParser.push../node_modules/@angular/compiler/fesm5/compiler.js.TemplateParser.parse (node_modules/@angular/compiler/fesm5/compiler.js:12208:1)
    at JitCompiler.push../node_modules/@angular/compiler/fesm5/compiler.js.JitCompiler._parseTemplate (node_modules/@angular/compiler/fesm5/compiler.js:27518:1)
    at JitCompiler.push../node_modules/@angular/compiler/fesm5/compiler.js.JitCompiler._compileTemplate (node_modules/@angular/compiler/fesm5/compiler.js:27505:1)
    at node_modules/@angular/compiler/fesm5/compiler.js:27448:48
    at &lt;Jasmine&gt;
    at JitCompiler.push../node_modules/@angular/compiler/fesm5/compiler.js.JitCompiler._compileComponents (node_modules/@angular/compiler/fesm5/compiler.js:27448:1)
    at node_modules/@angular/compiler/fesm5/compiler.js:27366:1
    at Object.then (node_modules/@angular/compiler/fesm5/compiler.js:2411:33)
    at JitCompiler.push../node_modules/@angular/compiler/fesm5/compiler.js.JitCompiler._compileModuleAndAllComponents (node_modules/@angular/compiler/fesm5/compiler.js:27364:1)
</failure>
    <failure type="">Error: Expected undefined to be truthy.
    at &lt;Jasmine&gt;
    at UserContext.&lt;anonymous&gt; (src/app/pages/friends/frienditem/frienditem.component.spec.ts:23:23)
    at ZoneDelegate../node_modules/zone.js/dist/zone.js.ZoneDelegate.invoke (node_modules/zone.js/dist/zone.js:391:1)
    at ProxyZoneSpec.push../node_modules/zone.js/dist/zone-testing.js.ProxyZoneSpec.onInvoke (node_modules/zone.js/dist/zone-testing.js:308:1)
</failure>
  </testcase>
  <testcase name="ChannelsettingsComponent should create" time="0.036" classname="ChannelsettingsComponent">
    <failure type="">1. If 'mat-icon' is an Angular component, then verify that it is part of this module.
2. If 'mat-icon' is a Web Component then add 'CUSTOM_ELEMENTS_SCHEMA' to the '@NgModule.schemas' of this component to suppress this message. ("
  &lt;mat-tab&gt;
    &lt;ng-template mat-tab-label&gt;
      [ERROR -&gt;]&lt;mat-icon class="example-tab-icon"&gt;supervisor_account&lt;/mat-icon&gt;
      Active Users
        &lt;mat-form-field style="width: 33%"&gt;
          &lt;input matInput placeholder="Search..." [ERROR -&gt;][(ngModel)]="activeUserSearch"&gt;
        &lt;/mat-form-field&gt;
      &lt;/div&gt;
1. If 'mat-form-field' is an Angular component, then verify that it is part of this module.
error properties: Object({ ngSyntaxError: true, ngParseErrors: [ 'mat-icon' is not a known element:
    &lt;/ng-template"): ng:///DynamicTestModule/ChannelsettingsComponent.html@5:6, Can't bind to 'ngModel' since it isn't a known property of 'input'. ("rch"&gt;
"): ng:///DynamicTestModule/ChannelsettingsComponent.html@13:50, 'mat-form-field' is not a known element:
2. If 'mat- ...
    at &lt;Jasmine&gt;
    at syntaxError (node_modules/@angular/compiler/fesm5/compiler.js:2420:1)
    at TemplateParser.push../node_modules/@angular/compiler/fesm5/compiler.js.TemplateParser.parse (node_modules/@angular/compiler/fesm5/compiler.js:12208:1)
    at JitCompiler.push../node_modules/@angular/compiler/fesm5/compiler.js.JitCompiler._parseTemplate (node_modules/@angular/compiler/fesm5/compiler.js:27518:1)
    at JitCompiler.push../node_modules/@angular/compiler/fesm5/compiler.js.JitCompiler._compileTemplate (node_modules/@angular/compiler/fesm5/compiler.js:27505:1)
    at node_modules/@angular/compiler/fesm5/compiler.js:27448:48
    at &lt;Jasmine&gt;
    at JitCompiler.push../node_modules/@angular/compiler/fesm5/compiler.js.JitCompiler._compileComponents (node_modules/@angular/compiler/fesm5/compiler.js:27448:1)
    at node_modules/@angular/compiler/fesm5/compiler.js:27366:1
    at Object.then (node_modules/@angular/compiler/fesm5/compiler.js:2411:33)
    at JitCompiler.push../node_modules/@angular/compiler/fesm5/compiler.js.JitCompiler._compileModuleAndAllComponents (node_modules/@angular/compiler/fesm5/compiler.js:27364:1)
</failure>
    <failure type="">1. If 'mat-icon' is an Angular component, then verify that it is part of this module.
2. If 'mat-icon' is a Web Component then add 'CUSTOM_ELEMENTS_SCHEMA' to the '@NgModule.schemas' of this component to suppress this message. ("
  &lt;mat-tab&gt;
    &lt;ng-template mat-tab-label&gt;
      [ERROR -&gt;]&lt;mat-icon class="example-tab-icon"&gt;supervisor_account&lt;/mat-icon&gt;
      Active Users
        &lt;mat-form-field style="width: 33%"&gt;
          &lt;input matInput placeholder="Search..." [ERROR -&gt;][(ngModel)]="activeUserSearch"&gt;
        &lt;/mat-form-field&gt;
      &lt;/div&gt;
1. If 'mat-form-field' is an Angular component, then verify that it is part of this module.
error properties: Object({ ngSyntaxError: true, ngParseErrors: [ 'mat-icon' is not a known element:
    &lt;/ng-template"): ng:///DynamicTestModule/ChannelsettingsComponent.html@5:6, Can't bind to 'ngModel' since it isn't a known property of 'input'. ("rch"&gt;
"): ng:///DynamicTestModule/ChannelsettingsComponent.html@13:50, 'mat-form-field' is not a known element:
2. If 'mat- ...
    at &lt;Jasmine&gt;
    at syntaxError (node_modules/@angular/compiler/fesm5/compiler.js:2420:1)
    at TemplateParser.push../node_modules/@angular/compiler/fesm5/compiler.js.TemplateParser.parse (node_modules/@angular/compiler/fesm5/compiler.js:12208:1)
    at JitCompiler.push../node_modules/@angular/compiler/fesm5/compiler.js.JitCompiler._parseTemplate (node_modules/@angular/compiler/fesm5/compiler.js:27518:1)
    at JitCompiler.push../node_modules/@angular/compiler/fesm5/compiler.js.JitCompiler._compileTemplate (node_modules/@angular/compiler/fesm5/compiler.js:27505:1)
    at node_modules/@angular/compiler/fesm5/compiler.js:27448:48
    at &lt;Jasmine&gt;
    at JitCompiler.push../node_modules/@angular/compiler/fesm5/compiler.js.JitCompiler._compileComponents (node_modules/@angular/compiler/fesm5/compiler.js:27448:1)
    at node_modules/@angular/compiler/fesm5/compiler.js:27366:1
    at Object.then (node_modules/@angular/compiler/fesm5/compiler.js:2411:33)
    at JitCompiler.push../node_modules/@angular/compiler/fesm5/compiler.js.JitCompiler._compileModuleAndAllComponents (node_modules/@angular/compiler/fesm5/compiler.js:27364:1)
</failure>
    <failure type="">Error: Expected undefined to be truthy.
    at &lt;Jasmine&gt;
    at UserContext.&lt;anonymous&gt; (src/app/home/channel/channelsettings/channelsettings.component.spec.ts:23:23)
    at ZoneDelegate../node_modules/zone.js/dist/zone.js.ZoneDelegate.invoke (node_modules/zone.js/dist/zone.js:391:1)
    at ProxyZoneSpec.push../node_modules/zone.js/dist/zone-testing.js.ProxyZoneSpec.onInvoke (node_modules/zone.js/dist/zone-testing.js:308:1)
</failure>
  </testcase>
  <testcase name="BriefAnalyticsComponent should create" time="0.021" classname="BriefAnalyticsComponent">
    <failure type="">      &lt;/div&gt;
      &lt;div style="display: block;"&gt;
        &lt;canvas baseChart height="70" [ERROR -&gt;][datasets]="lineChartData" [labels]="lineChartLabels" [options]="lineChartOptions"
        &lt;canvas baseChart height="70" [datasets]="lineChartData" [ERROR -&gt;][labels]="lineChartLabels" [options]="lineChartOptions"
        &lt;canvas baseChart height="70" [datasets]="lineChartData" [labels]="lineChartLabels" [ERROR -&gt;][options]="lineChartOptions"
Can't bind to 'datasets' since it isn't a known property of 'canvas'. ("
      &lt;/div&gt;
      &lt;div style="display: block;"&gt;
        &lt;canvas baseChart height="70" [ERROR -&gt;][datasets]="lineChartData" [labels]="lineChartLabels" [options]="lineChartOptions"
          [colors]"): ng:///DynamicTestModule/BriefAnalyticsComponent.html@8:38
Can't bind to 'labels' since it isn't a known property of 'canvas'. ("     &lt;div style="display: block;"&gt;
        &lt;canvas baseChart height="70" [datasets]="lineChartData" [ERROR -&gt;][labels]="lineChartLabels" [options]="lineChartOptions"
          [colors]="lineChartColors" [legend]"): ng:///DynamicTestModule/BriefAnalyticsComponent.html@8:65
Can't bind to 'options' since it isn't a known property of 'canvas'. ("lock;"&gt;
        &lt;canvas baseChart height="70" [datasets]="lineChartData" [labels]="lineChartLabels" [ERROR -&gt;][options]="lineChartOptions"
          [colors]="lineChartColors" [legend]="lineChartLegend" [chartTy"): ng:///DynamicTestModule/BriefAnalyticsComponent.html@8:92
Can't bind to 'colors' since it isn't a known property of 'canvas'. ("t="70" [datasets]="lineChartData" [labels]="lineChartLabels" [options]="lineChartOptions"
          [ERROR -&gt;][colors]="lineChartColors" [legend]="lineChartLegend" [chartType]="lineChartType"&gt;&lt;/canvas&gt;
      &lt;/d"): ng:///DynamicTestModule/BriefAnalyticsComponent.html@9:10
Can't bind to 'legend' since it isn't a known property of 'canvas'. ("tData" [labels]="lineChartLabels" [options]="lineChartOptions"
          [colors]="lineChartColors" [ERROR -&gt;][legend]="lineChartLegend" [chartType]="lineChartType"&gt;&lt;/canvas&gt;
      &lt;/div&gt;
    &lt;/div&gt;
"): ng:///DynamicTestModule/BriefAnalyticsComponent.html@9:37
Can't bind to 'chartType' since it isn't a known property of 'canvas'. ("abels" [options]="lineChartOptions"
          [colors]="lineChartColors" [legend]="lineChartLegend" [ERROR -&gt;][chartType]="lineChartType"&gt;&lt;/canvas&gt;
      &lt;/div&gt;
    &lt;/div&gt;
"): ng:///DynamicTestModule/BriefAnalyticsComponent.html@9:64
Can't bind to 'datasets' since it isn't a known property of 'canvas'. ("
      &lt;/div&gt;
      &lt;div style="display: block;"&gt;
        &lt;canvas baseChart height="70" [ERROR -&gt;][datasets]="lineChartData" [labels]="lineChartLabels" [options]="lineChartOptions"
          [colors]"): ng:///DynamicTestModule/BriefAnalyticsComponent.html@20:38
Can't bind to 'labels' since it isn't a known property of 'canvas'. ("     &lt;div style="display: block;"&gt;
        &lt;canvas baseChart height="70" [datasets]="lineChartData" [ERROR -&gt;][labels]="lineChartLabels" [options]="lineChartOptions"
          [colors]="lineChartColors" [legend]"): ng:///DynamicTestModule/BriefAnalyticsComponent.html@20:65
Can't bind to 'options' since it isn't a known property of 'canvas'. ("lock;"&gt;
        &lt;canvas baseChart height="70" [datasets]="lineChartData" [labels]="lineChartLabels" [ERROR -&gt;][options]="lineChartOptions"
          [colors]="lineChartColors" [legend]="lineChartLegend" [chartTy"): ng:///DynamicTestModule/BriefAnalyticsComponent.html@20:92
Can't bind to 'colors' since it isn't a known property of 'canvas'. ("t="70" [datasets]="lineChartData" [labels]="lineChartLabels" [options]="lineChartOptions"
          [ERROR -&gt;][colors]="lineChartColors" [legend]="lineChartLegend" [chartType]="lineChartType"&gt;&lt;/canvas&gt;
      &lt;/d"): ng:///DynamicTestModule/BriefAnalyticsComponent.html@21:10
Can't bind to 'legend' since it isn't a known property of 'canvas'. ("tData" [labels]="lineChartLabels" [options]="lineChartOptions"
          [colors]="lineChartColors" [ERROR -&gt;][legend]="lineChartLegend" [chartType]="lineChartType"&gt;&lt;/canvas&gt;
      &lt;/div&gt;
    &lt;/div&gt;
"): ng:///DynamicTestModule/BriefAnalyticsComponent.html@21:37
Can't bind to 'chartType' since it isn't a known property of 'canvas'. ("abels" [options]="lineChartOptions"
          [colors]="lineChartColors" [legend]="lineChartLegend" [ERROR -&gt;][chartType]="lineChartType"&gt;&lt;/canvas&gt;
      &lt;/div&gt;
    &lt;/div&gt;
"): ng:///DynamicTestModule/BriefAnalyticsComponent.html@21:64
Can't bind to 'datasets' since it isn't a known property of 'canvas'. ("
      &lt;/div&gt;
      &lt;div style="display: block;"&gt;
        &lt;canvas baseChart height="70" [ERROR -&gt;][datasets]="lineChartData" [labels]="lineChartLabels" [options]="lineChartOptions"
          [colors]"): ng:///DynamicTestModule/BriefAnalyticsComponent.html@32:38
Can't bind to 'labels' since it isn't a known property of 'canvas'. ("     &lt;div style="display: block;"&gt;
        &lt;canvas baseChart height="70" [datasets]="lineChartData" [ERROR -&gt;][labels]="lineChartLabels" [options]="lineChartOptions"
          [colors]="lineChartColors" [legend]"): ng:///DynamicTestModule/BriefAnalyticsComponent.html@32:65
Can't bind to 'options' since it isn't a known property of 'canvas'. ("lock;"&gt;
        &lt;canvas baseChart height="70" [datasets]="lineChartData" [labels]="lineChartLabels" [ERROR -&gt;][options]="lineChartOptions"
          [colors]="lineChartColors" [legend]="lineChartLegend" [chartTy"): ng:///DynamicTestModule/BriefAnalyticsComponent.html@32:92
Can't bind to 'colors' since it isn't a known property of 'canvas'. ("t="70" [datasets]="lineChartData" [labels]="lineChartLabels" [options]="lineChartOptions"
          [ERROR -&gt;][colors]="lineChartColors" [legend]="lineChartLegend" [chartType]="lineChartType"&gt;&lt;/canvas&gt;
      &lt;/d"): ng:///DynamicTestModule/BriefAnalyticsComponent.html@33:10
Can't bind to 'legend' since it isn't a known property of 'canvas'. ("tData" [labels]="lineChartLabels" [options]="lineChartOptions"
          [colors]="lineChartColors" [ERROR -&gt;][legend]="lineChartLegend" [chartType]="lineChartType"&gt;&lt;/canvas&gt;
      &lt;/div&gt;
    &lt;/div&gt;
"): ng:///DynamicTestModule/BriefAnalyticsComponent.html@33:37
Can't bind to 'chartType' since it isn't a known property of 'canvas'. ("abels" [options]="lineChartOptions"
          [colors]="lineChartColors" [legend]="lineChartLegend" [ERROR -&gt;][chartType]="lineChartType"&gt;&lt;/canvas&gt;
      &lt;/div&gt;
    &lt;/div&gt;
"): ng:///DynamicTestModule/BriefAnalyticsComponent.html@33:64
Can't bind to 'datasets' since it isn't a known property of 'canvas'. ("
      &lt;/div&gt;
      &lt;div style="display: block;"&gt;
        &lt;canvas baseChart height="70" [ERROR -&gt;][datasets]="lineChartData" [labels]="lineChartLabels" [options]="lineChartOptions"
          [colors]"): ng:///DynamicTestModule/BriefAnalyticsComponent.html@44:38
Can't bind to 'labels' since it isn't a known property of 'canvas'. ("     &lt;div style="display: block;"&gt;
        &lt;canvas baseChart height="70" [datasets]="lineChartData" [ERROR -&gt;][labels]="lineChartLabels" [options]="lineChartOptions"
          [colors]="lineChartColors" [legend]"): ng:///DynamicTestModule/BriefAnalyticsComponent.html@44:65
Can't bind to 'options' since it isn't a known property of 'canvas'. ("lock;"&gt;
        &lt;canvas baseChart height="70" [datasets]="lineChartData" [labels]="lineChartLabels" [ERROR -&gt;][options]="lineChartOptions"
          [colors]="lineChartColors" [legend]="lineChartLegend" [chartTy"): ng:///DynamicTestModule/BriefAnalyticsComponent.html@44:92
Can't bind to 'colors' since it isn't a known property of 'canvas'. ("t="70" [datasets]="lineChartData" [labels]="lineChartLabels" [options]="lineChartOptions"
          [ERROR -&gt;][colors]="lineChartColors" [legend]="lineChartLegend" [chartType]="lineChartType"&gt;&lt;/canvas&gt;
      &lt;/d"): ng:///DynamicTestModule/BriefAnalyticsComponent.html@45:10
Can't bind to 'legend' since it isn't a known property of 'canvas'. ("tData" [labels]="lineChartLabels" [options]="lineChartOptions"
          [colors]="lineChartColors" [ERROR -&gt;][legend]="lineChartLegend" [chartType]="lineChartType"&gt;&lt;/canvas&gt;
      &lt;/div&gt;
    &lt;/div&gt;
"): ng:///DynamicTestModule/BriefAnalyticsComponent.html@45:37
Can't bind to 'chartType' since it isn't a known property of 'canvas'. ("abels" [options]="lineChartOptions"
          [colors]="lineChartColors" [legend]="lineChartLegend" [ERROR -&gt;][chartType]="lineChartType"&gt;&lt;/canvas&gt;
      &lt;/div&gt;
    &lt;/div&gt;
"): ng:///DynamicTestModule/BriefAnalyticsComponent.html@45:64
error properties: Object({ ngSyntaxError: true, ngParseErrors: [ Can't bind to 'datasets' since it isn't a known property of 'canvas'. ("
          [colors]"): ng:///DynamicTestModule/BriefAnalyticsComponent.html@8:38, Can't bind to 'labels' since it isn't a known property of 'canvas'. ("     &lt;div style="display: block;"&gt;
          [colors]="lineChartColors" [legend]"): ng:///DynamicTestModule/BriefAnalyticsComponent.html@8:65, Can't bind to 'options' since it isn't a known property of 'canvas'. ("lock;"&gt;
          [colors]="lineChartColors" [legend]="lineChartLegen ...
Error: Template parse errors:
    at syntaxError (node_modules/@angular/compiler/fesm5/compiler.js:2420:1)
    at TemplateParser.push../node_modules/@angular/compiler/fesm5/compiler.js.TemplateParser.parse (node_modules/@angular/compiler/fesm5/compiler.js:12208:1)
    at JitCompiler.push../node_modules/@angular/compiler/fesm5/compiler.js.JitCompiler._parseTemplate (node_modules/@angular/compiler/fesm5/compiler.js:27518:1)
    at JitCompiler.push../node_modules/@angular/compiler/fesm5/compiler.js.JitCompiler._compileTemplate (node_modules/@angular/compiler/fesm5/compiler.js:27505:1)
    at node_modules/@angular/compiler/fesm5/compiler.js:27448:48
    at &lt;Jasmine&gt;
    at JitCompiler.push../node_modules/@angular/compiler/fesm5/compiler.js.JitCompiler._compileComponents (node_modules/@angular/compiler/fesm5/compiler.js:27448:1)
    at node_modules/@angular/compiler/fesm5/compiler.js:27366:1
    at Object.then (node_modules/@angular/compiler/fesm5/compiler.js:2411:33)
    at JitCompiler.push../node_modules/@angular/compiler/fesm5/compiler.js.JitCompiler._compileModuleAndAllComponents (node_modules/@angular/compiler/fesm5/compiler.js:27364:1)
</failure>
    <failure type="">      &lt;/div&gt;
      &lt;div style="display: block;"&gt;
        &lt;canvas baseChart height="70" [ERROR -&gt;][datasets]="lineChartData" [labels]="lineChartLabels" [options]="lineChartOptions"
        &lt;canvas baseChart height="70" [datasets]="lineChartData" [ERROR -&gt;][labels]="lineChartLabels" [options]="lineChartOptions"
        &lt;canvas baseChart height="70" [datasets]="lineChartData" [labels]="lineChartLabels" [ERROR -&gt;][options]="lineChartOptions"
Error: Template parse errors:
Can't bind to 'datasets' since it isn't a known property of 'canvas'. ("
      &lt;/div&gt;
      &lt;div style="display: block;"&gt;
        &lt;canvas baseChart height="70" [ERROR -&gt;][datasets]="lineChartData" [labels]="lineChartLabels" [options]="lineChartOptions"
          [colors]"): ng:///DynamicTestModule/BriefAnalyticsComponent.html@8:38
Can't bind to 'labels' since it isn't a known property of 'canvas'. ("     &lt;div style="display: block;"&gt;
        &lt;canvas baseChart height="70" [datasets]="lineChartData" [ERROR -&gt;][labels]="lineChartLabels" [options]="lineChartOptions"
          [colors]="lineChartColors" [legend]"): ng:///DynamicTestModule/BriefAnalyticsComponent.html@8:65
Can't bind to 'options' since it isn't a known property of 'canvas'. ("lock;"&gt;
        &lt;canvas baseChart height="70" [datasets]="lineChartData" [labels]="lineChartLabels" [ERROR -&gt;][options]="lineChartOptions"
          [colors]="lineChartColors" [legend]="lineChartLegend" [chartTy"): ng:///DynamicTestModule/BriefAnalyticsComponent.html@8:92
Can't bind to 'colors' since it isn't a known property of 'canvas'. ("t="70" [datasets]="lineChartData" [labels]="lineChartLabels" [options]="lineChartOptions"
          [ERROR -&gt;][colors]="lineChartColors" [legend]="lineChartLegend" [chartType]="lineChartType"&gt;&lt;/canvas&gt;
      &lt;/d"): ng:///DynamicTestModule/BriefAnalyticsComponent.html@9:10
Can't bind to 'legend' since it isn't a known property of 'canvas'. ("tData" [labels]="lineChartLabels" [options]="lineChartOptions"
          [colors]="lineChartColors" [ERROR -&gt;][legend]="lineChartLegend" [chartType]="lineChartType"&gt;&lt;/canvas&gt;
      &lt;/div&gt;
    &lt;/div&gt;
"): ng:///DynamicTestModule/BriefAnalyticsComponent.html@9:37
Can't bind to 'chartType' since it isn't a known property of 'canvas'. ("abels" [options]="lineChartOptions"
          [colors]="lineChartColors" [legend]="lineChartLegend" [ERROR -&gt;][chartType]="lineChartType"&gt;&lt;/canvas&gt;
      &lt;/div&gt;
    &lt;/div&gt;
"): ng:///DynamicTestModule/BriefAnalyticsComponent.html@9:64
Can't bind to 'datasets' since it isn't a known property of 'canvas'. ("
      &lt;/div&gt;
      &lt;div style="display: block;"&gt;
        &lt;canvas baseChart height="70" [ERROR -&gt;][datasets]="lineChartData" [labels]="lineChartLabels" [options]="lineChartOptions"
          [colors]"): ng:///DynamicTestModule/BriefAnalyticsComponent.html@20:38
Can't bind to 'labels' since it isn't a known property of 'canvas'. ("     &lt;div style="display: block;"&gt;
        &lt;canvas baseChart height="70" [datasets]="lineChartData" [ERROR -&gt;][labels]="lineChartLabels" [options]="lineChartOptions"
          [colors]="lineChartColors" [legend]"): ng:///DynamicTestModule/BriefAnalyticsComponent.html@20:65
Can't bind to 'options' since it isn't a known property of 'canvas'. ("lock;"&gt;
        &lt;canvas baseChart height="70" [datasets]="lineChartData" [labels]="lineChartLabels" [ERROR -&gt;][options]="lineChartOptions"
          [colors]="lineChartColors" [legend]="lineChartLegend" [chartTy"): ng:///DynamicTestModule/BriefAnalyticsComponent.html@20:92
Can't bind to 'colors' since it isn't a known property of 'canvas'. ("t="70" [datasets]="lineChartData" [labels]="lineChartLabels" [options]="lineChartOptions"
          [ERROR -&gt;][colors]="lineChartColors" [legend]="lineChartLegend" [chartType]="lineChartType"&gt;&lt;/canvas&gt;
      &lt;/d"): ng:///DynamicTestModule/BriefAnalyticsComponent.html@21:10
Can't bind to 'legend' since it isn't a known property of 'canvas'. ("tData" [labels]="lineChartLabels" [options]="lineChartOptions"
          [colors]="lineChartColors" [ERROR -&gt;][legend]="lineChartLegend" [chartType]="lineChartType"&gt;&lt;/canvas&gt;
      &lt;/div&gt;
    &lt;/div&gt;
"): ng:///DynamicTestModule/BriefAnalyticsComponent.html@21:37
Can't bind to 'chartType' since it isn't a known property of 'canvas'. ("abels" [options]="lineChartOptions"
          [colors]="lineChartColors" [legend]="lineChartLegend" [ERROR -&gt;][chartType]="lineChartType"&gt;&lt;/canvas&gt;
      &lt;/div&gt;
    &lt;/div&gt;
"): ng:///DynamicTestModule/BriefAnalyticsComponent.html@21:64
Can't bind to 'datasets' since it isn't a known property of 'canvas'. ("
      &lt;/div&gt;
      &lt;div style="display: block;"&gt;
        &lt;canvas baseChart height="70" [ERROR -&gt;][datasets]="lineChartData" [labels]="lineChartLabels" [options]="lineChartOptions"
          [colors]"): ng:///DynamicTestModule/BriefAnalyticsComponent.html@32:38
Can't bind to 'labels' since it isn't a known property of 'canvas'. ("     &lt;div style="display: block;"&gt;
        &lt;canvas baseChart height="70" [datasets]="lineChartData" [ERROR -&gt;][labels]="lineChartLabels" [options]="lineChartOptions"
          [colors]="lineChartColors" [legend]"): ng:///DynamicTestModule/BriefAnalyticsComponent.html@32:65
Can't bind to 'options' since it isn't a known property of 'canvas'. ("lock;"&gt;
        &lt;canvas baseChart height="70" [datasets]="lineChartData" [labels]="lineChartLabels" [ERROR -&gt;][options]="lineChartOptions"
          [colors]="lineChartColors" [legend]="lineChartLegend" [chartTy"): ng:///DynamicTestModule/BriefAnalyticsComponent.html@32:92
Can't bind to 'colors' since it isn't a known property of 'canvas'. ("t="70" [datasets]="lineChartData" [labels]="lineChartLabels" [options]="lineChartOptions"
          [ERROR -&gt;][colors]="lineChartColors" [legend]="lineChartLegend" [chartType]="lineChartType"&gt;&lt;/canvas&gt;
      &lt;/d"): ng:///DynamicTestModule/BriefAnalyticsComponent.html@33:10
Can't bind to 'legend' since it isn't a known property of 'canvas'. ("tData" [labels]="lineChartLabels" [options]="lineChartOptions"
          [colors]="lineChartColors" [ERROR -&gt;][legend]="lineChartLegend" [chartType]="lineChartType"&gt;&lt;/canvas&gt;
      &lt;/div&gt;
    &lt;/div&gt;
"): ng:///DynamicTestModule/BriefAnalyticsComponent.html@33:37
Can't bind to 'chartType' since it isn't a known property of 'canvas'. ("abels" [options]="lineChartOptions"
          [colors]="lineChartColors" [legend]="lineChartLegend" [ERROR -&gt;][chartType]="lineChartType"&gt;&lt;/canvas&gt;
      &lt;/div&gt;
    &lt;/div&gt;
"): ng:///DynamicTestModule/BriefAnalyticsComponent.html@33:64
Can't bind to 'datasets' since it isn't a known property of 'canvas'. ("
      &lt;/div&gt;
      &lt;div style="display: block;"&gt;
        &lt;canvas baseChart height="70" [ERROR -&gt;][datasets]="lineChartData" [labels]="lineChartLabels" [options]="lineChartOptions"
          [colors]"): ng:///DynamicTestModule/BriefAnalyticsComponent.html@44:38
Can't bind to 'labels' since it isn't a known property of 'canvas'. ("     &lt;div style="display: block;"&gt;
        &lt;canvas baseChart height="70" [datasets]="lineChartData" [ERROR -&gt;][labels]="lineChartLabels" [options]="lineChartOptions"
          [colors]="lineChartColors" [legend]"): ng:///DynamicTestModule/BriefAnalyticsComponent.html@44:65
Can't bind to 'options' since it isn't a known property of 'canvas'. ("lock;"&gt;
        &lt;canvas baseChart height="70" [datasets]="lineChartData" [labels]="lineChartLabels" [ERROR -&gt;][options]="lineChartOptions"
          [colors]="lineChartColors" [legend]="lineChartLegend" [chartTy"): ng:///DynamicTestModule/BriefAnalyticsComponent.html@44:92
Can't bind to 'colors' since it isn't a known property of 'canvas'. ("t="70" [datasets]="lineChartData" [labels]="lineChartLabels" [options]="lineChartOptions"
          [ERROR -&gt;][colors]="lineChartColors" [legend]="lineChartLegend" [chartType]="lineChartType"&gt;&lt;/canvas&gt;
      &lt;/d"): ng:///DynamicTestModule/BriefAnalyticsComponent.html@45:10
Can't bind to 'legend' since it isn't a known property of 'canvas'. ("tData" [labels]="lineChartLabels" [options]="lineChartOptions"
          [colors]="lineChartColors" [ERROR -&gt;][legend]="lineChartLegend" [chartType]="lineChartType"&gt;&lt;/canvas&gt;
      &lt;/div&gt;
    &lt;/div&gt;
"): ng:///DynamicTestModule/BriefAnalyticsComponent.html@45:37
Can't bind to 'chartType' since it isn't a known property of 'canvas'. ("abels" [options]="lineChartOptions"
          [colors]="lineChartColors" [legend]="lineChartLegend" [ERROR -&gt;][chartType]="lineChartType"&gt;&lt;/canvas&gt;
      &lt;/div&gt;
    &lt;/div&gt;
"): ng:///DynamicTestModule/BriefAnalyticsComponent.html@45:64
error properties: Object({ ngSyntaxError: true, ngParseErrors: [ Can't bind to 'datasets' since it isn't a known property of 'canvas'. ("
          [colors]"): ng:///DynamicTestModule/BriefAnalyticsComponent.html@8:38, Can't bind to 'labels' since it isn't a known property of 'canvas'. ("     &lt;div style="display: block;"&gt;
          [colors]="lineChartColors" [legend]"): ng:///DynamicTestModule/BriefAnalyticsComponent.html@8:65, Can't bind to 'options' since it isn't a known property of 'canvas'. ("lock;"&gt;
          [colors]="lineChartColors" [legend]="lineChartLegen ...
    at syntaxError (node_modules/@angular/compiler/fesm5/compiler.js:2420:1)
    at TemplateParser.push../node_modules/@angular/compiler/fesm5/compiler.js.TemplateParser.parse (node_modules/@angular/compiler/fesm5/compiler.js:12208:1)
    at JitCompiler.push../node_modules/@angular/compiler/fesm5/compiler.js.JitCompiler._parseTemplate (node_modules/@angular/compiler/fesm5/compiler.js:27518:1)
    at JitCompiler.push../node_modules/@angular/compiler/fesm5/compiler.js.JitCompiler._compileTemplate (node_modules/@angular/compiler/fesm5/compiler.js:27505:1)
    at node_modules/@angular/compiler/fesm5/compiler.js:27448:48
    at &lt;Jasmine&gt;
    at JitCompiler.push../node_modules/@angular/compiler/fesm5/compiler.js.JitCompiler._compileComponents (node_modules/@angular/compiler/fesm5/compiler.js:27448:1)
    at node_modules/@angular/compiler/fesm5/compiler.js:27366:1
    at Object.then (node_modules/@angular/compiler/fesm5/compiler.js:2411:33)
    at JitCompiler.push../node_modules/@angular/compiler/fesm5/compiler.js.JitCompiler._compileModuleAndAllComponents (node_modules/@angular/compiler/fesm5/compiler.js:27364:1)
</failure>
    <failure type="">Error: Expected undefined to be truthy.
    at &lt;Jasmine&gt;
    at UserContext.&lt;anonymous&gt; (src/app/admin/insights/brief-analytics/brief-analytics.component.spec.ts:23:23)
    at ZoneDelegate../node_modules/zone.js/dist/zone.js.ZoneDelegate.invoke (node_modules/zone.js/dist/zone.js:391:1)
    at ProxyZoneSpec.push../node_modules/zone.js/dist/zone-testing.js.ProxyZoneSpec.onInvoke (node_modules/zone.js/dist/zone-testing.js:308:1)
</failure>
  </testcase>
  <testcase name="UsersComponent should create" time="0.025" classname="UsersComponent">
    <failure type="">1. If 'app-sidebar' is an Angular component, then verify that it is part of this module.
2. If 'app-sidebar' is a Web Component then add 'CUSTOM_ELEMENTS_SCHEMA' to the '@NgModule.schemas' of this component to suppress this message. ("ontainer class="example-container" autosize&gt;
  &lt;mat-drawer position='start' mode="side" opened&gt;
    [ERROR -&gt;]&lt;app-sidebar&gt;&lt;/app-sidebar&gt;
  &lt;/mat-drawer&gt;
1. If 'mat-drawer' is an Angular component, then verify that it is part of this module.
2. If 'mat-drawer' is a Web Component then add 'CUSTOM_ELEMENTS_SCHEMA' to the '@NgModule.schemas' of this component to suppress this message. ("&lt;mat-drawer-container class="example-container" autosize&gt;
  [ERROR -&gt;]&lt;mat-drawer position='start' mode="side" opened&gt;
    &lt;app-sidebar&gt;&lt;/app-sidebar&gt;
  &lt;/mat-drawer&gt;
error properties: Object({ ngSyntaxError: true, ngParseErrors: [ 'app-sidebar' is not a known element:
"): ng:///DynamicTestModule/UsersComponent.html@2:4, 'mat-drawer' is not a known element:
"): ng:///DynamicTestModule/Use ...
    at &lt;Jasmine&gt;
    at syntaxError (node_modules/@angular/compiler/fesm5/compiler.js:2420:1)
    at TemplateParser.push../node_modules/@angular/compiler/fesm5/compiler.js.TemplateParser.parse (node_modules/@angular/compiler/fesm5/compiler.js:12208:1)
    at JitCompiler.push../node_modules/@angular/compiler/fesm5/compiler.js.JitCompiler._parseTemplate (node_modules/@angular/compiler/fesm5/compiler.js:27518:1)
    at JitCompiler.push../node_modules/@angular/compiler/fesm5/compiler.js.JitCompiler._compileTemplate (node_modules/@angular/compiler/fesm5/compiler.js:27505:1)
    at node_modules/@angular/compiler/fesm5/compiler.js:27448:48
    at &lt;Jasmine&gt;
    at JitCompiler.push../node_modules/@angular/compiler/fesm5/compiler.js.JitCompiler._compileComponents (node_modules/@angular/compiler/fesm5/compiler.js:27448:1)
    at node_modules/@angular/compiler/fesm5/compiler.js:27366:1
    at Object.then (node_modules/@angular/compiler/fesm5/compiler.js:2411:33)
    at JitCompiler.push../node_modules/@angular/compiler/fesm5/compiler.js.JitCompiler._compileModuleAndAllComponents (node_modules/@angular/compiler/fesm5/compiler.js:27364:1)
</failure>
    <failure type="">1. If 'app-sidebar' is an Angular component, then verify that it is part of this module.
2. If 'app-sidebar' is a Web Component then add 'CUSTOM_ELEMENTS_SCHEMA' to the '@NgModule.schemas' of this component to suppress this message. ("ontainer class="example-container" autosize&gt;
  &lt;mat-drawer position='start' mode="side" opened&gt;
    [ERROR -&gt;]&lt;app-sidebar&gt;&lt;/app-sidebar&gt;
  &lt;/mat-drawer&gt;
1. If 'mat-drawer' is an Angular component, then verify that it is part of this module.
2. If 'mat-drawer' is a Web Component then add 'CUSTOM_ELEMENTS_SCHEMA' to the '@NgModule.schemas' of this component to suppress this message. ("&lt;mat-drawer-container class="example-container" autosize&gt;
  [ERROR -&gt;]&lt;mat-drawer position='start' mode="side" opened&gt;
    &lt;app-sidebar&gt;&lt;/app-sidebar&gt;
  &lt;/mat-drawer&gt;
error properties: Object({ ngSyntaxError: true, ngParseErrors: [ 'app-sidebar' is not a known element:
"): ng:///DynamicTestModule/UsersComponent.html@2:4, 'mat-drawer' is not a known element:
"): ng:///DynamicTestModule/Use ...
    at &lt;Jasmine&gt;
    at syntaxError (node_modules/@angular/compiler/fesm5/compiler.js:2420:1)
    at TemplateParser.push../node_modules/@angular/compiler/fesm5/compiler.js.TemplateParser.parse (node_modules/@angular/compiler/fesm5/compiler.js:12208:1)
    at JitCompiler.push../node_modules/@angular/compiler/fesm5/compiler.js.JitCompiler._parseTemplate (node_modules/@angular/compiler/fesm5/compiler.js:27518:1)
    at JitCompiler.push../node_modules/@angular/compiler/fesm5/compiler.js.JitCompiler._compileTemplate (node_modules/@angular/compiler/fesm5/compiler.js:27505:1)
    at node_modules/@angular/compiler/fesm5/compiler.js:27448:48
    at &lt;Jasmine&gt;
    at JitCompiler.push../node_modules/@angular/compiler/fesm5/compiler.js.JitCompiler._compileComponents (node_modules/@angular/compiler/fesm5/compiler.js:27448:1)
    at node_modules/@angular/compiler/fesm5/compiler.js:27366:1
    at Object.then (node_modules/@angular/compiler/fesm5/compiler.js:2411:33)
    at JitCompiler.push../node_modules/@angular/compiler/fesm5/compiler.js.JitCompiler._compileModuleAndAllComponents (node_modules/@angular/compiler/fesm5/compiler.js:27364:1)
</failure>
    <failure type="">Error: Expected undefined to be truthy.
    at &lt;Jasmine&gt;
    at UserContext.&lt;anonymous&gt; (src/app/admin/users/users.component.spec.ts:23:23)
    at ZoneDelegate../node_modules/zone.js/dist/zone.js.ZoneDelegate.invoke (node_modules/zone.js/dist/zone.js:391:1)
    at ProxyZoneSpec.push../node_modules/zone.js/dist/zone-testing.js.ProxyZoneSpec.onInvoke (node_modules/zone.js/dist/zone-testing.js:308:1)
</failure>
  </testcase>
  <testcase name="FriendsComponent should create" time="0.018" classname="FriendsComponent">
    <failure type="">    &lt;input type="search" [ERROR -&gt;][(ngModel)]="searchTitle" placeholder="Search users" (click)="$event.stopPropagation();"&gt;
  &lt;/div&gt;
1. If 'mat-spinner' is an Angular component, then verify that it is part of this module.
2. If 'mat-spinner' is a Web Component then add 'CUSTOM_ELEMENTS_SCHEMA' to the '@NgModule.schemas' of this component to suppress this message. ("-list-item scrollbar-bordered-success thin"&gt;
    &lt;div *ngIf='friendService.isGettingFriends'&gt;
      [ERROR -&gt;]&lt;mat-spinner style="margin:0 auto;" mode="indeterminate" diameter="30"&gt;&lt;/mat-spinner&gt;
    &lt;/div&gt;
    &lt;/div&gt;
Can't bind to 'ngModel' since it isn't a known property of 'input'. ("d-form app-friends-search-bar sticky" (click)="$event.stopPropagation();"&gt;
    &lt;input type="search" [ERROR -&gt;][(ngModel)]="searchTitle" placeholder="Search users" (click)="$event.stopPropagation();"&gt;
  &lt;/div&gt;
  "): ng:///DynamicTestModule/FriendsComponent.html@2:25
'mat-spinner' is not a known element:
1. If 'mat-spinner' is an Angular component, then verify that it is part of this module.
2. If 'mat-spinner' is a Web Component then add 'CUSTOM_ELEMENTS_SCHEMA' to the '@NgModule.schemas' of this component to suppress this message. ("-list-item scrollbar-bordered-success thin"&gt;
    &lt;div *ngIf='friendService.isGettingFriends'&gt;
      [ERROR -&gt;]&lt;mat-spinner style="margin:0 auto;" mode="indeterminate" diameter="30"&gt;&lt;/mat-spinner&gt;
    &lt;/div&gt;
    "): ng:///DynamicTestModule/FriendsComponent.html@7:6
The pipe 'filter' could not be found ("
    &lt;/div&gt;
    &lt;div *ngIf='!friendService.isGettingFriends'&gt;
      &lt;div *ngFor="let [ERROR -&gt;]item of friendService.friends | filter: searchTitle"&gt;
        &lt;app-frienditem [friend]="item"&gt;
      "): ng:///DynamicTestModule/FriendsComponent.html@10:23
Can't bind to 'friend' since it isn't a known property of 'app-frienditem'.
1. If 'app-frienditem' is an Angular component and it has 'friend' input, then verify that it is part of this module.
2. If 'app-frienditem' is a Web Component then add 'CUSTOM_ELEMENTS_SCHEMA' to the '@NgModule.schemas' of this component to suppress this message.
3. To allow any property add 'NO_ERRORS_SCHEMA' to the '@NgModule.schemas' of this component. ("     &lt;div *ngFor="let item of friendService.friends | filter: searchTitle"&gt;
        &lt;app-frienditem [ERROR -&gt;][friend]="item"&gt;
        &lt;/app-frienditem&gt;
      &lt;/div&gt;
"): ng:///DynamicTestModule/FriendsComponent.html@11:24
'app-frienditem' is not a known element:
1. If 'app-frienditem' is an Angular component, then verify that it is part of this module.
[...]
  &lt;span class="channel-description"&gt; When you "): ng:///DynamicTestModule/AddchannelComponent.html@1:0, No provider for NgControl ("
  &lt;mat-form-"): ng:///DynamicTestModule/AddchannelComponent.html@9:4, No provider for NgControl ("
  &lt;/mat-form ...
Error: Template parse errors:
    at syntaxError (node_modules/@angular/compiler/fesm5/compiler.js:2420:1)
    at TemplateParser.push../node_modules/@angular/compiler/fesm5/compiler.js.TemplateParser.parse (node_modules/@angular/compiler/fesm5/compiler.js:12208:1)
    at JitCompiler.push../node_modules/@angular/compiler/fesm5/compiler.js.JitCompiler._parseTemplate (node_modules/@angular/compiler/fesm5/compiler.js:27518:1)
    at JitCompiler.push../node_modules/@angular/compiler/fesm5/compiler.js.JitCompiler._compileTemplate (node_modules/@angular/compiler/fesm5/compiler.js:27505:1)
    at node_modules/@angular/compiler/fesm5/compiler.js:27448:48
    at &lt;Jasmine&gt;
    at JitCompiler.push../node_modules/@angular/compiler/fesm5/compiler.js.JitCompiler._compileComponents (node_modules/@angular/compiler/fesm5/compiler.js:27448:1)
    at node_modules/@angular/compiler/fesm5/compiler.js:27366:1
    at Object.then (node_modules/@angular/compiler/fesm5/compiler.js:2411:33)
    at JitCompiler.push../node_modules/@angular/compiler/fesm5/compiler.js.JitCompiler._compileModuleAndAllComponents (node_modules/@angular/compiler/fesm5/compiler.js:27364:1)
</failure>
    <failure type="">&lt;form [ERROR -&gt;][formGroup]="addChannelForm" mat-dialog-content&gt;
[ERROR -&gt;]&lt;form [formGroup]="addChannelForm" mat-dialog-content&gt;
  &lt;/div&gt;
  &lt;mat-form-field&gt;
    [ERROR -&gt;]&lt;input matInput placeholder="Channel title" formControlName="title"&gt;
  &lt;/mat-form-field&gt;
  &lt;/mat-form-field&gt;
  &lt;mat-form-field&gt;
    [ERROR -&gt;]&lt;input matInput placeholder="Channel description" formControlName="description"&gt;
Error: Template parse errors:
Can't bind to 'formGroup' since it isn't a known property of 'form'. ("&lt;h1 mat-dialog-title&gt;Create a new channel&lt;/h1&gt;
&lt;form [ERROR -&gt;][formGroup]="addChannelForm" mat-dialog-content&gt;
  &lt;span class="channel-description"&gt; When you create"): ng:///DynamicTestModule/AddchannelComponent.html@1:6
No provider for ControlContainer ("&lt;h1 mat-dialog-title&gt;Create a new channel&lt;/h1&gt;
[ERROR -&gt;]&lt;form [formGroup]="addChannelForm" mat-dialog-content&gt;
  &lt;span class="channel-description"&gt; When you "): ng:///DynamicTestModule/AddchannelComponent.html@1:0
No provider for NgControl ("
  &lt;/div&gt;
  &lt;mat-form-field&gt;
    [ERROR -&gt;]&lt;input matInput placeholder="Channel title" formControlName="title"&gt;
  &lt;/mat-form-field&gt;
  &lt;mat-form-"): ng:///DynamicTestModule/AddchannelComponent.html@9:4
No provider for NgControl ("
  &lt;/mat-form-field&gt;
  &lt;mat-form-field&gt;
    [ERROR -&gt;]&lt;input matInput placeholder="Channel description" formControlName="description"&gt;
  &lt;/mat-form-field&gt;
"): ng:///DynamicTestModule/AddchannelComponent.html@12:4
No provider for NgControl ("
  &lt;/mat-form-field&gt;
  &lt;div&gt;
    [ERROR -&gt;]&lt;mat-checkbox formControlName="isPrivate"&gt;Is private?&lt;/mat-checkbox&gt;
  &lt;/div&gt;
&lt;/form&gt;
"): ng:///DynamicTestModule/AddchannelComponent.html@15:4
error properties: Object({ ngSyntaxError: true, ngParseErrors: [ Can't bind to 'formGroup' since it isn't a known property of 'form'. ("&lt;h1 mat-dialog-title&gt;Create a new channel&lt;/h1&gt;
  &lt;span class="channel-description"&gt; When you create"): ng:///DynamicTestModule/AddchannelComponent.html@1:6, No provider for ControlContainer ("&lt;h1 mat-dialog-title&gt;Create a new channel&lt;/h1&gt;
  &lt;span class="channel-description"&gt; When you "): ng:///DynamicTestModule/AddchannelComponent.html@1:0, No provider for NgControl ("
  &lt;mat-form-"): ng:///DynamicTestModule/AddchannelComponent.html@9:4, No provider for NgControl ("
  &lt;/mat-form ...
    at syntaxError (node_modules/@angular/compiler/fesm5/compiler.js:2420:1)
    at TemplateParser.push../node_modules/@angular/compiler/fesm5/compiler.js.TemplateParser.parse (node_modules/@angular/compiler/fesm5/compiler.js:12208:1)
    at JitCompiler.push../node_modules/@angular/compiler/fesm5/compiler.js.JitCompiler._parseTemplate (node_modules/@angular/compiler/fesm5/compiler.js:27518:1)
    at JitCompiler.push../node_modules/@angular/compiler/fesm5/compiler.js.JitCompiler._compileTemplate (node_modules/@angular/compiler/fesm5/compiler.js:27505:1)
    at node_modules/@angular/compiler/fesm5/compiler.js:27448:48
    at &lt;Jasmine&gt;
    at JitCompiler.push../node_modules/@angular/compiler/fesm5/compiler.js.JitCompiler._compileComponents (node_modules/@angular/compiler/fesm5/compiler.js:27448:1)
    at node_modules/@angular/compiler/fesm5/compiler.js:27366:1
    at Object.then (node_modules/@angular/compiler/fesm5/compiler.js:2411:33)
    at JitCompiler.push../node_modules/@angular/compiler/fesm5/compiler.js.JitCompiler._compileModuleAndAllComponents (node_modules/@angular/compiler/fesm5/compiler.js:27364:1)
</failure>
    <failure type="">Error: Expected undefined to be truthy.
    at &lt;Jasmine&gt;
    at UserContext.&lt;anonymous&gt; (src/app/home/channel/addchannel/addchannel.component.spec.ts:37:23)
    at ZoneDelegate../node_modules/zone.js/dist/zone.js.ZoneDelegate.invoke (node_modules/zone.js/dist/zone.js:391:1)
    at ProxyZoneSpec.push../node_modules/zone.js/dist/zone-testing.js.ProxyZoneSpec.onInvoke (node_modules/zone.js/dist/zone-testing.js:308:1)
</failure>
  </testcase>
  <testcase name="GdprPolicyComponent should create" time="0.01" classname="GdprPolicyComponent"/>
  <testcase name="HomeComponent should create" time="0.016" classname="HomeComponent">
    <failure type="">NullInjectorError: StaticInjectorError(DynamicTestModule)[ChannelComponent -&gt; Router]: 
  StaticInjectorError(Platform: core)[ChannelComponent -&gt; Router]: 
    NullInjectorError: No provider for Router!
error properties: Object({ ngTempTokenPath: null, ngTokenPath: [ 'ChannelComponent', Function ], ngDebugContext: DebugContext_({ view: Object({ def: Object({ factory: Function, nodeFlags: 33669121, rootNodeFlags: 33554433, nodeMatchedQueries: 0, flags: 0, nodes: [ Object({ nodeIndex: 0, parent: null, renderParent: null, bindingIndex: 0, outputIndex: 0, checkIndex: 0, flags: 33554433, childFlags: 114688, directChildFlags: 114688, childMatchedQueries: 0, matchedQueries: Object({  }), matchedQueryIds: 0, references: Object({  }), ngContentIndex: null, childCount: 1, bindings: [  ], bindingFlags: 0, outputs: [  ], element: Object({ ns: '', name: 'app-home', attrs: [  ], template: null, componentProvider: Object({ nodeIndex: 1, parent: &lt;circular reference: Object&gt;, renderParent: &lt;circular reference: Object&gt;, bindingIndex: 0, outputIndex: 0, checkIndex: 1, flags: 114688, childFlags: 0, directChildFlags: 0, childMatchedQueries: 0, matchedQueries: Object, matchedQueryIds: 0, references: Object, ngContentIndex:  ...
    at &lt;Jasmine&gt;
    at NullInjector.push../node_modules/@angular/core/fesm5/core.js.NullInjector.get (node_modules/@angular/core/fesm5/core.js:725:1)
    at resolveToken (node_modules/@angular/core/fesm5/core.js:11917:1)
    at tryResolveToken (node_modules/@angular/core/fesm5/core.js:11861:1)
    at StaticInjector.push../node_modules/@angular/core/fesm5/core.js.StaticInjector.get (node_modules/@angular/core/fesm5/core.js:11763:1)
    at resolveToken (node_modules/@angular/core/fesm5/core.js:11917:1)
    at tryResolveToken (node_modules/@angular/core/fesm5/core.js:11861:1)
    at StaticInjector.push../node_modules/@angular/core/fesm5/core.js.StaticInjector.get (node_modules/@angular/core/fesm5/core.js:11763:1)
    at resolveNgModuleDep (node_modules/@angular/core/fesm5/core.js:20233:1)
    at NgModuleRef_.push../node_modules/@angular/core/fesm5/core.js.NgModuleRef_.get (node_modules/@angular/core/fesm5/core.js:20904:1)
    at injectInjectorOnly (node_modules/@angular/core/fesm5/core.js:628:1)
</failure>
    <failure type="">Error: Expected undefined to be truthy.
    at &lt;Jasmine&gt;
    at UserContext.&lt;anonymous&gt; (src/app/home/home.component.spec.ts:30:23)
    at ZoneDelegate../node_modules/zone.js/dist/zone.js.ZoneDelegate.invoke (node_modules/zone.js/dist/zone.js:391:1)
    at ProxyZoneSpec.push../node_modules/zone.js/dist/zone-testing.js.ProxyZoneSpec.onInvoke (node_modules/zone.js/dist/zone-testing.js:308:1)
</failure>
  </testcase>
  <testcase name="LegalComponent should create" time="0.015" classname="LegalComponent">
    <failure type="">1. If 'app-footer' is an Angular component, then verify that it is part of this module.
2. If 'app-footer' is a Web Component then add 'CUSTOM_ELEMENTS_SCHEMA' to the '@NgModule.schemas' of this component to suppress this message. ("
&lt;/p&gt;
[ERROR -&gt;]&lt;app-footer&gt;&lt;/app-footer&gt;
error properties: Object({ ngSyntaxError: true, ngParseErrors: [ 'app-footer' is not a known element:
"): ng:///DynamicTestModule/LegalComponent.html@4:0 ] })
    at &lt;Jasmine&gt;
    at syntaxError (node_modules/@angular/compiler/fesm5/compiler.js:2420:1)
    at TemplateParser.push../node_modules/@angular/compiler/fesm5/compiler.js.TemplateParser.parse (node_modules/@angular/compiler/fesm5/compiler.js:12208:1)
    at JitCompiler.push../node_modules/@angular/compiler/fesm5/compiler.js.JitCompiler._parseTemplate (node_modules/@angular/compiler/fesm5/compiler.js:27518:1)
    at JitCompiler.push../node_modules/@angular/compiler/fesm5/compiler.js.JitCompiler._compileTemplate (node_modules/@angular/compiler/fesm5/compiler.js:27505:1)
    at node_modules/@angular/compiler/fesm5/compiler.js:27448:48
    at &lt;Jasmine&gt;
    at JitCompiler.push../node_modules/@angular/compiler/fesm5/compiler.js.JitCompiler._compileComponents (node_modules/@angular/compiler/fesm5/compiler.js:27448:1)
    at node_modules/@angular/compiler/fesm5/compiler.js:27366:1
    at Object.then (node_modules/@angular/compiler/fesm5/compiler.js:2411:33)
    at JitCompiler.push../node_modules/@angular/compiler/fesm5/compiler.js.JitCompiler._compileModuleAndAllComponents (node_modules/@angular/compiler/fesm5/compiler.js:27364:1)
</failure>
    <failure type="">1. If 'app-footer' is an Angular component, then verify that it is part of this module.
2. If 'app-footer' is a Web Component then add 'CUSTOM_ELEMENTS_SCHEMA' to the '@NgModule.schemas' of this component to suppress this message. ("
&lt;/p&gt;
[ERROR -&gt;]&lt;app-footer&gt;&lt;/app-footer&gt;
error properties: Object({ ngSyntaxError: true, ngParseErrors: [ 'app-footer' is not a known element:
"): ng:///DynamicTestModule/LegalComponent.html@4:0 ] })
    at &lt;Jasmine&gt;
    at syntaxError (node_modules/@angular/compiler/fesm5/compiler.js:2420:1)
    at TemplateParser.push../node_modules/@angular/compiler/fesm5/compiler.js.TemplateParser.parse (node_modules/@angular/compiler/fesm5/compiler.js:12208:1)
    at JitCompiler.push../node_modules/@angular/compiler/fesm5/compiler.js.JitCompiler._parseTemplate (node_modules/@angular/compiler/fesm5/compiler.js:27518:1)
    at JitCompiler.push../node_modules/@angular/compiler/fesm5/compiler.js.JitCompiler._compileTemplate (node_modules/@angular/compiler/fesm5/compiler.js:27505:1)
    at node_modules/@angular/compiler/fesm5/compiler.js:27448:48
    at &lt;Jasmine&gt;
    at JitCompiler.push../node_modules/@angular/compiler/fesm5/compiler.js.JitCompiler._compileComponents (node_modules/@angular/compiler/fesm5/compiler.js:27448:1)
    at node_modules/@angular/compiler/fesm5/compiler.js:27366:1
    at Object.then (node_modules/@angular/compiler/fesm5/compiler.js:2411:33)
    at JitCompiler.push../node_modules/@angular/compiler/fesm5/compiler.js.JitCompiler._compileModuleAndAllComponents (node_modules/@angular/compiler/fesm5/compiler.js:27364:1)
</failure>
    <failure type="">Error: Expected undefined to be truthy.
    at &lt;Jasmine&gt;
    at UserContext.&lt;anonymous&gt; (src/app/pages/legal/legal.component.spec.ts:23:23)
    at ZoneDelegate../node_modules/zone.js/dist/zone.js.ZoneDelegate.invoke (node_modules/zone.js/dist/zone.js:391:1)
    at ProxyZoneSpec.push../node_modules/zone.js/dist/zone-testing.js.ProxyZoneSpec.onInvoke (node_modules/zone.js/dist/zone-testing.js:308:1)
</failure>
  </testcase>
  <testcase name="FilterPipe create an instance" time="0" classname="FilterPipe"/>
  <testcase name="CookiePolicyComponent should create" time="0.011" classname="CookiePolicyComponent">
    <failure type="">NullInjectorError: StaticInjectorError(DynamicTestModule)[HomeComponent -&gt; HttpClient]: 
  StaticInjectorError(Platform: core)[HomeComponent -&gt; HttpClient]: 
    NullInjectorError: No provider for HttpClient!
error properties: Object({ ngTempTokenPath: null, ngTokenPath: [ 'HomeComponent', Function ], ngDebugContext: DebugContext_({ view: Object({ def: Object({ factory: Function, nodeFlags: 33669121, rootNodeFlags: 33554433, nodeMatchedQueries: 0, flags: 0, nodes: [ Object({ nodeIndex: 0, parent: null, renderParent: null, bindingIndex: 0, outputIndex: 0, checkIndex: 0, flags: 33554433, childFlags: 114688, directChildFlags: 114688, childMatchedQueries: 0, matchedQueries: Object({  }), matchedQueryIds: 0, references: Object({  }), ngContentIndex: null, childCount: 1, bindings: [  ], bindingFlags: 0, outputs: [  ], element: Object({ ns: '', name: 'app-cookie-policy', attrs: [  ], template: null, componentProvider: Object({ nodeIndex: 1, parent: &lt;circular reference: Object&gt;, renderParent: &lt;circular reference: Object&gt;, bindingIndex: 0, outputIndex: 0, checkIndex: 1, flags: 114688, childFlags: 0, directChildFlags: 0, childMatchedQueries: 0, matchedQueries: Object, matchedQueryIds: 0, references: Object, ngCont ...
    at &lt;Jasmine&gt;
    at NullInjector.push../node_modules/@angular/core/fesm5/core.js.NullInjector.get (node_modules/@angular/core/fesm5/core.js:725:1)
    at resolveToken (node_modules/@angular/core/fesm5/core.js:11917:1)
    at tryResolveToken (node_modules/@angular/core/fesm5/core.js:11861:1)
    at StaticInjector.push../node_modules/@angular/core/fesm5/core.js.StaticInjector.get (node_modules/@angular/core/fesm5/core.js:11763:1)
    at resolveToken (node_modules/@angular/core/fesm5/core.js:11917:1)
    at tryResolveToken (node_modules/@angular/core/fesm5/core.js:11861:1)
    at StaticInjector.push../node_modules/@angular/core/fesm5/core.js.StaticInjector.get (node_modules/@angular/core/fesm5/core.js:11763:1)
    at resolveNgModuleDep (node_modules/@angular/core/fesm5/core.js:20233:1)
    at NgModuleRef_.push../node_modules/@angular/core/fesm5/core.js.NgModuleRef_.get (node_modules/@angular/core/fesm5/core.js:20904:1)
    at injectInjectorOnly (node_modules/@angular/core/fesm5/core.js:628:1)
</failure>
    <failure type="">Error: Expected undefined to be truthy.
    at &lt;Jasmine&gt;
    at UserContext.&lt;anonymous&gt; (src/app/pages/legal/cookie-policy/cookie-policy.component.spec.ts:23:23)
    at ZoneDelegate../node_modules/zone.js/dist/zone.js.ZoneDelegate.invoke (node_modules/zone.js/dist/zone.js:391:1)
    at ProxyZoneSpec.push../node_modules/zone.js/dist/zone-testing.js.ProxyZoneSpec.onInvoke (node_modules/zone.js/dist/zone-testing.js:308:1)
</failure>
  </testcase>
  <testcase name="BlockwarningComponent should create" time="0.014" classname="BlockwarningComponent">
    <failure type="">  &lt;button mat-raised-button mdbBtn color="info" style="float:right" mat-button [ERROR -&gt;][mat-dialog-close]="data"
    cdkFocusInitial&gt;Contact Owner&lt;/button&gt;
Can't bind to 'mat-dialog-close' since it isn't a known property of 'button'. ("button&gt;Exit&lt;/button&gt;
  &lt;button mat-raised-button mdbBtn color="info" style="float:right" mat-button [ERROR -&gt;][mat-dialog-close]="data"
    cdkFocusInitial&gt;Contact Owner&lt;/button&gt;
&lt;/div&gt;"): ng:///DynamicTestModule/BlockwarningComponent.html@6:79
error properties: Object({ ngSyntaxError: true, ngParseErrors: [ Can't bind to 'mat-dialog-close' since it isn't a known property of 'button'. ("button&gt;Exit&lt;/button&gt;
&lt;/div&gt;"): ng:///DynamicTestModule/BlockwarningComponent.html@6:79 ] })
Error: Template parse errors:
    at syntaxError (node_modules/@angular/compiler/fesm5/compiler.js:2420:1)
    at TemplateParser.push../node_modules/@angular/compiler/fesm5/compiler.js.TemplateParser.parse (node_modules/@angular/compiler/fesm5/compiler.js:12208:1)
    at JitCompiler.push../node_modules/@angular/compiler/fesm5/compiler.js.JitCompiler._parseTemplate (node_modules/@angular/compiler/fesm5/compiler.js:27518:1)
    at JitCompiler.push../node_modules/@angular/compiler/fesm5/compiler.js.JitCompiler._compileTemplate (node_modules/@angular/compiler/fesm5/compiler.js:27505:1)
    at node_modules/@angular/compiler/fesm5/compiler.js:27448:48
    at &lt;Jasmine&gt;
    at JitCompiler.push../node_modules/@angular/compiler/fesm5/compiler.js.JitCompiler._compileComponents (node_modules/@angular/compiler/fesm5/compiler.js:27448:1)
    at node_modules/@angular/compiler/fesm5/compiler.js:27366:1
    at Object.then (node_modules/@angular/compiler/fesm5/compiler.js:2411:33)
    at JitCompiler.push../node_modules/@angular/compiler/fesm5/compiler.js.JitCompiler._compileModuleAndAllComponents (node_modules/@angular/compiler/fesm5/compiler.js:27364:1)
</failure>
    <failure type="">  &lt;button mat-raised-button mdbBtn color="info" style="float:right" mat-button [ERROR -&gt;][mat-dialog-close]="data"
    cdkFocusInitial&gt;Contact Owner&lt;/button&gt;
Error: Template parse errors:
Can't bind to 'mat-dialog-close' since it isn't a known property of 'button'. ("button&gt;Exit&lt;/button&gt;
  &lt;button mat-raised-button mdbBtn color="info" style="float:right" mat-button [ERROR -&gt;][mat-dialog-close]="data"
    cdkFocusInitial&gt;Contact Owner&lt;/button&gt;
&lt;/div&gt;"): ng:///DynamicTestModule/BlockwarningComponent.html@6:79
error properties: Object({ ngSyntaxError: true, ngParseErrors: [ Can't bind to 'mat-dialog-close' since it isn't a known property of 'button'. ("button&gt;Exit&lt;/button&gt;
&lt;/div&gt;"): ng:///DynamicTestModule/BlockwarningComponent.html@6:79 ] })
    at syntaxError (node_modules/@angular/compiler/fesm5/compiler.js:2420:1)
    at TemplateParser.push../node_modules/@angular/compiler/fesm5/compiler.js.TemplateParser.parse (node_modules/@angular/compiler/fesm5/compiler.js:12208:1)
    at JitCompiler.push../node_modules/@angular/compiler/fesm5/compiler.js.JitCompiler._parseTemplate (node_modules/@angular/compiler/fesm5/compiler.js:27518:1)
    at JitCompiler.push../node_modules/@angular/compiler/fesm5/compiler.js.JitCompiler._compileTemplate (node_modules/@angular/compiler/fesm5/compiler.js:27505:1)
    at node_modules/@angular/compiler/fesm5/compiler.js:27448:48
    at &lt;Jasmine&gt;
    at JitCompiler.push../node_modules/@angular/compiler/fesm5/compiler.js.JitCompiler._compileComponents (node_modules/@angular/compiler/fesm5/compiler.js:27448:1)
    at node_modules/@angular/compiler/fesm5/compiler.js:27366:1
    at Object.then (node_modules/@angular/compiler/fesm5/compiler.js:2411:33)
    at JitCompiler.push../node_modules/@angular/compiler/fesm5/compiler.js.JitCompiler._compileModuleAndAllComponents (node_modules/@angular/compiler/fesm5/compiler.js:27364:1)
</failure>
    <failure type="">Error: Expected undefined to be truthy.
    at &lt;Jasmine&gt;
    at UserContext.&lt;anonymous&gt; (src/app/home/channel/blockwarning/blockwarning.component.spec.ts:23:23)
    at ZoneDelegate../node_modules/zone.js/dist/zone.js.ZoneDelegate.invoke (node_modules/zone.js/dist/zone.js:391:1)
    at ProxyZoneSpec.push../node_modules/zone.js/dist/zone-testing.js.ProxyZoneSpec.onInvoke (node_modules/zone.js/dist/zone-testing.js:308:1)
</failure>
  </testcase>
  <system-out>
    <![CDATA[
]]>
  </system-out>
  <system-err/>
</testsuite>